I, [2015-03-30T18:00:02.658043 #89770]  INFO -- : Starting clock for 2 events: [ extracted.job extracted.job ]
I, [2015-03-30T18:02:00.002111 #89770]  INFO -- : Triggering 'extracted.job'





||||||||||||||||||| func (get_extracted_tweet_all) start |||||||||||||||||||

 - - - - - - - - - - - - - - - - - - - - - - - - 
イベント発火時刻 : 2015-03-30 18:02:00 +0900
ツイート収集範囲 : 2015-03-30 00:00:00 +0900 ~ 2015-03-30 12:00:00 +0900
checkShouldAddCSVfile start

 + + + + + + + + + + + + + + + + + + 
新しいファイルを作成します...

今日の曜日 : 1
day_diff : 0
収集範囲(スタート) : 20150330
収集範囲(エンド)   : 20150412

作成 : ./data/tweet_turtles_20150330_20150412.csv
 + + + + + + + + + + + + + + + + + +

バックアップファイル作成 （空） : ./data/bk_tweet_turtles_20150330_20150412.csv

tag              : turtles
name             : ./data/tweet_turtles_20150330_20150412.csv
search_word      : タートルズ ピザ
- - - - - - - - - - - - - - - - - - - - - - - - 
検索開始
582397796008861696
warau_kessaku
笑うしかない傑作選
昔、姉ちゃんが「いいよいいよ・・・」ってメッチャ寝言で遠慮してたから、なんの夢見てたのか聞いたら、「忍者タートルズにピザをプレゼントされて、申し訳なくて遠慮してた」って寝ぼけながら話してくれたのはポイント高かったですね。
image : 0
2015-03-30 13:23:49 +0900
https://twitter.com/warau_kessaku
==============================================
[ check ++++ 除外 (収集範囲より未来のツイート) ]
582322768554766336
toriwara1025
とりえずまぁ笑いなはれ～
昔、姉ちゃんが「いいよいいよ・・・」ってメッチャ寝言で遠慮してたから、なんの夢見てたのか聞いたら、「忍者タートルズにピザをプレゼントされて、申し訳なくて遠慮してた」って寝ぼけながら話してくれたのはポイント高かったですね。
image : 0
2015-03-30 08:25:41 +0900
https://twitter.com/toriwara1025
==============================================
[ check ++++ 該当 ]
582313576007745536
bbbbbjjjjj12345
神々のリツイート
姉ちゃんが「いや、だいじょうぶですよ…」ってよく寝言で遠慮してたから、なんの夢見てるのかきになってきいたら、「忍者タートルズにピザをプレゼントされて、申し訳なくて遠慮してた」って寝ぼけながら話してくれたのはここだけの話。
image : 0
2015-03-30 07:49:10 +0900
https://twitter.com/bbbbbjjjjj12345
==============================================
[ check ++++ 該当 ]
582191046651555840
hid1th123
hid
failed pizza!
失敗したピザはラファが踏みつけてます笑
#タートルズ
#TMNT http://t.co/NZ1OHR3N6w
image : 1
2015-03-29 23:42:16 +0900
https://twitter.com/hid1th123
==============================================
[ check ++++ 除外 (収集範囲より過去のツイート - 処理を停止します) ]
582187550443352064
tyrarex_reptile
小型爬虫類ティラレックス
RT @hid1th123: マイキーにプラバンで作ったピザをごちそうしたよ！
#タートルズ
#TMNT http://t.co/YlSqGAMho0
image : 1
2015-03-29 23:28:23 +0900
https://twitter.com/tyrarex_reptile
==============================================
[ check ++++ 除外 (収集範囲より過去のツイート - 処理を停止します) ]
582187446214905856
mikey_bot
マイキー(bot)
RT @hid1th123: マイキーにプラバンで作ったピザをごちそうしたよ！
#タートルズ
#TMNT http://t.co/YlSqGAMho0
image : 1
2015-03-29 23:27:58 +0900
https://twitter.com/mikey_bot
==============================================
[ check ++++ 除外 (収集範囲より過去のツイート - 処理を停止します) ]
582186419751243778
warau_kessaku
笑うしかない傑作選
昔、姉ちゃんが「いいよいいよ・・・」ってメッチャ寝言で遠慮してたから、なんの夢見てたのか聞いたら、「忍者タートルズにピザをプレゼントされて、申し訳なくて遠慮してた」って寝ぼけながら話してくれたのはポイント高かったですね。
image : 0
2015-03-29 23:23:53 +0900
https://twitter.com/warau_kessaku
==============================================
[ check ++++ 除外 (収集範囲より過去のツイート - 処理を停止します) ]
582147472593555456
neilguse
neilguse-il
俺の中に流れる凶暴な忍者タートルズの血が再びピザを夕飯にさせた！！！
image : 0
2015-03-29 20:49:07 +0900
https://twitter.com/neilguse
==============================================
[ check ++++ 除外 (収集範囲より過去のツイート - 処理を停止します) ]
582142568214892544
hid1th123
hid
マイキーにプラバンで作ったピザをごちそうしたよ！
#タートルズ
#TMNT http://t.co/YlSqGAMho0
image : 1
2015-03-29 20:29:38 +0900
https://twitter.com/hid1th123
==============================================
[ check ++++ 除外 (収集範囲より過去のツイート - 処理を停止します) ]
582140867072282624
tsurupon_39hope
hid(イラスト・創作垢)
マイキーにプラバンで作ったピザをごちそうしたよ！
#タートルズ
#TMNT http://t.co/ek7ht8ZgKs
image : 1
2015-03-29 20:22:53 +0900
https://twitter.com/tsurupon_39hope
==============================================
[ check ++++ 除外 (収集範囲より過去のツイート - 処理を停止します) ]
581989958757457920
toriwara1025
とりえずまぁ笑いなはれ～
昔、姉ちゃんが「いいよいいよ・・・」ってメッチャ寝言で遠慮してたから、なんの夢見てたのか聞いたら、「忍者タートルズにピザをプレゼントされて、申し訳なくて遠慮してた」って寝ぼけながら話してくれたのはポイント高かったですね。
image : 0
2015-03-29 10:23:13 +0900
https://twitter.com/toriwara1025
==============================================
[ check ++++ 除外 (収集範囲より過去のツイート - 処理を停止します) ]
581871076071714817
sweetie_ch
あまい
フォロワーにセフレ3人と合わせてタートルズじゃんと言われたので今からピザ頼む。
image : 0
2015-03-29 02:30:49 +0900
https://twitter.com/sweetie_ch
==============================================
[ check ++++ 除外 (収集範囲より過去のツイート - 処理を停止します) ]
581867828325699585
kengaugau
ケンガウ
タートルズのアニメに出てくるピザ🍕思い出した
image : 0
2015-03-29 02:17:55 +0900
https://twitter.com/kengaugau
==============================================
[ check ++++ 除外 (収集範囲より過去のツイート - 処理を停止します) ]
581850440687431680
sekigunso
赤軍曹
深夜だから好き放題にメモ
旧亀98話のタートルズの作画もちもちクリクリしてて可愛い
｢イワシにニシンのピザ｣→エイプリル、バッグにピザを直入れ
｢べっちゃぁ｣
エイプリル謎の｢ふぇ｣
レオナルド｢ドーナッテルロ？｣
トナカイに乗る亀
image : 0
2015-03-29 01:08:49 +0900
https://twitter.com/sekigunso
==============================================
[ check ++++ 除外 (収集範囲より過去のツイート - 処理を停止します) ]
581839580904599552
ganchi68
がんち@再演へのプレリュード‥
@ebks07mg  亀飼う事になったのもピザがめちゃくちゃ好きになったのもタートルズのおかげですw幼心に影響を与えまくった作品でした( ˘ω˘)♡ 調べたら色々年代でシリーズ分けされてるんですね！今のアニメ版OPもYouTubeで見たのですがかっこええぇええ！！ (*°▽°*)
image : 0
2015-03-29 00:25:40 +0900
https://twitter.com/ganchi68
==============================================
[ check ++++ 除外 (収集範囲より過去のツイート - 処理を停止します) ]
581824014999408640
warau_kessaku
笑うしかない傑作選
昔、姉ちゃんが「いいよいいよ・・・」ってメッチャ寝言で遠慮してたから、なんの夢見てたのか聞いたら、「忍者タートルズにピザをプレゼントされて、申し訳なくて遠慮してた」って寝ぼけながら話してくれたのはポイント高かったですね。
image : 0
2015-03-28 23:23:49 +0900
https://twitter.com/warau_kessaku
==============================================
[ check ++++ 除外 (収集範囲より過去のツイート - 処理を停止します) ]
581808454651654144
waraituikyu
笑いを追求bot
昔、姉ちゃんが「いいよいいよ・・・」とめっちゃ寝言で遠慮してたから、なんの夢見てたか聞いたら「忍者タートルズにピザをプレゼントされて、申し訳なくて遠慮してた」と寝ぼけながら話してくれてキョドッた
image : 0
2015-03-28 22:21:59 +0900
https://twitter.com/waraituikyu
==============================================
[ check ++++ 除外 (収集範囲より過去のツイート - 処理を停止します) ]
581807141289271297
sirasudon3
バタスコ
@kuri6_4 そこはサラダピザを実写タートルズのようにだな…
image : 0
2015-03-28 22:16:46 +0900
https://twitter.com/sirasudon3
==============================================
[ check ++++ 除外 (収集範囲より過去のツイート - 処理を停止します) ]
581761309126971392
hakuri_n
ノマカプキチガイ角字
GOのタートルズ一応ちゃんと武器違うのか…前出てきたときはピザ食べてただけだった気がしたから…
image : 0
2015-03-28 19:14:39 +0900
https://twitter.com/hakuri_n
==============================================
[ check ++++ 除外 (収集範囲より過去のツイート - 処理を停止します) ]
581708251273646080
tnkb_n
MB:5!
と、まだまだ難波で粘り中の新実写タートルズでの旧実写ネタはピザのあのシーンですが、コレもそうな気がするんですが、多分、気の所為（笑）
image : 0
2015-03-28 15:43:49 +0900
https://twitter.com/tnkb_n
==============================================
[ check ++++ 除外 (収集範囲より過去のツイート - 処理を停止します) ]
581649303942217728
toriwara1025
とりえずまぁ笑いなはれ～
昔、姉ちゃんが「いいよいいよ・・・」ってメッチャ寝言で遠慮してたから、なんの夢見てたのか聞いたら、「忍者タートルズにピザをプレゼントされて、申し訳なくて遠慮してた」って寝ぼけながら話してくれたのはポイント高かったですね。
image : 0
2015-03-28 11:49:35 +0900
https://twitter.com/toriwara1025
==============================================
[ check ++++ 除外 (収集範囲より過去のツイート - 処理を停止します) ]
581631752927490048
MokeiyaOtotsuki
模型屋おとつき
RT @kobax27: 1000円ちょっとで売ってたタートルズのピザボックスが楽しい。増改築して秘密基地にしたいけど、畳むと宅配ピザ箱に変形するギミックを潰すのは勿体無い。#ウィーゴ #メカトロウィーゴ http://t.co/7ipRwoHHac
image : 1
2015-03-28 10:39:50 +0900
https://twitter.com/MokeiyaOtotsuki
==============================================
[ check ++++ 除外 (収集範囲より過去のツイート - 処理を停止します) ]
581458339248263169
nugekoon
掘下ぬげ子@大阪オフ会
ピザ食べながらタートルズを見たいな！
image : 0
2015-03-27 23:10:45 +0900
https://twitter.com/nugekoon
==============================================
[ check ++++ 除外 (収集範囲より過去のツイート - 処理を停止します) ]
581423114384355328
r_glay8124
紅茶＠Rグレイ
弟がタートルズのピザタイムと言うのをどこで覚えたのか知りたい。
image : 0
2015-03-27 20:50:47 +0900
https://twitter.com/r_glay8124
==============================================
[ check ++++ 除外 (収集範囲より過去のツイート - 処理を停止します) ]
581413638709235713
89tou
白桃@とうらぶ沼
タートルズのピザカッター当たったけど開けてビックリ。プレゼントだから文句言っちゃダメかと思うけど…傷あるのどうかと思う。。クッションの意味ない。好きな作品だけにちょっと悲しい｡ﾟ(PД`q*)ﾟ｡ http://t.co/rUp30bh29g
image : 1
2015-03-27 20:13:08 +0900
https://twitter.com/89tou
==============================================
[ check ++++ 除外 (収集範囲より過去のツイート - 処理を停止します) ]
581342303094120448
hy0uka
ヒョウカ
懐かしいなァ。本当ににこにこぷんやアンパンマンやドラえもんにはお世話になりました……タートルズは、…なんか下水道(？)の所に家があってピザ食べてるイメージしかない。
image : 0
2015-03-27 15:29:40 +0900
https://twitter.com/hy0uka
==============================================
[ check ++++ 除外 (収集範囲より過去のツイート - 処理を停止します) ]
581317090797178880
toriwara1025
とりえずまぁ笑いなはれ～
昔、姉ちゃんが「いいよいいよ・・・」ってメッチャ寝言で遠慮してたから、なんの夢見てたのか聞いたら、「忍者タートルズにピザをプレゼントされて、申し訳なくて遠慮してた」って寝ぼけながら話してくれたのはポイント高かったですね。
image : 0
2015-03-27 13:49:29 +0900
https://twitter.com/toriwara1025
==============================================
[ check ++++ 除外 (収集範囲より過去のツイート - 処理を停止します) ]
581194567254310912
tsurupon_39hope
hid(イラスト・創作垢)
RT @JULI0527: 今日はタートルズでピザ食いに行ってるwww http://t.co/zwW0flFJHK
image : 1
2015-03-27 05:42:37 +0900
https://twitter.com/tsurupon_39hope
==============================================
[ check ++++ 除外 (収集範囲より過去のツイート - 処理を停止します) ]
581087179356651520
nag3264
nag
タートルズはピザのイメージしかないなあ #agqr #okaeriradio
image : 0
2015-03-26 22:35:54 +0900
https://twitter.com/nag3264
==============================================
[ check ++++ 除外 (収集範囲より過去のツイート - 処理を停止します) ]
581083724097306624
mkk_lupo
ころ@バンビツム欲しい
タートルズ見てるとピザ食べたくなるんだよね
image : 0
2015-03-26 22:22:10 +0900
https://twitter.com/mkk_lupo
==============================================
[ check ++++ 除外 (収集範囲より過去のツイート - 処理を停止します) ]
581083246638866433
www_ww_wara
笑える画像
昔、姉ちゃんが「いいよいいよ・・・」とめっちゃ寝言で遠慮してたから、なんの夢見てたか聞いたら「忍者タートルズにピザをプレゼントされて、申し訳なくて遠慮してた」と寝ぼけながら話してくれてキョドッた
image : 0
2015-03-26 22:20:16 +0900
https://twitter.com/www_ww_wara
==============================================
[ check ++++ 除外 (収集範囲より過去のツイート - 処理を停止します) ]
581064803306737664
robo_z
ロボＺ（仮）
タートルズのピザ箱基地千円なら悪くない…のか？
image : 0
2015-03-26 21:06:59 +0900
https://twitter.com/robo_z
==============================================
[ check ++++ 除外 (収集範囲より過去のツイート - 処理を停止します) ]
581064466831265793
harunasuba
うす塩遥菜
タートルズを見てたらピザが食べたくなっちゃった
image : 0
2015-03-26 21:05:39 +0900
https://twitter.com/harunasuba
==============================================
[ check ++++ 除外 (収集範囲より過去のツイート - 処理を停止します) ]
580996077907677187
23PHILIP
PHILIP
タートルズのスタチュー。2007年の写真やから古すぎて画像が荒い。
もうあれから8年もたったんか～～。ひいいいっ！
#TMNT　#turtles #タートルズ #スタチュー #フィギュア #ピザ #ミラージュ #おもちゃ http://t.co/DisZpxki7R
image : 1
2015-03-26 16:33:54 +0900
https://twitter.com/23PHILIP
==============================================
[ check ++++ 除外 (収集範囲より過去のツイート - 処理を停止します) ]
580985023488102401
toriwara1025
とりえずまぁ笑いなはれ～
昔、姉ちゃんが「いいよいいよ・・・」ってメッチャ寝言で遠慮してたから、なんの夢見てたのか聞いたら、「忍者タートルズにピザをプレゼントされて、申し訳なくて遠慮してた」って寝ぼけながら話してくれたのはポイント高かったですね。
image : 0
2015-03-26 15:49:58 +0900
https://twitter.com/toriwara1025
==============================================
[ check ++++ 除外 (収集範囲より過去のツイート - 処理を停止します) ]
580963285312274434
best_RT_full
【公式】ベストRT集
昔、姉ちゃんが「いいよいいよ・・・」ってメッチャ寝言で遠慮してたから、なんの夢見てたのか聞いたら、「忍者タートルズにピザをプレゼントされて、申し訳なくて遠慮してた」って寝ぼけながら話してくれたのはポイント高かったですね。
image : 0
2015-03-26 14:23:35 +0900
https://twitter.com/best_RT_full
==============================================
[ check ++++ 除外 (収集範囲より過去のツイート - 処理を停止します) ]
580928505883418624
forest7272
キュアプノンペン
タートルズの話してたらピザ食いたくなってきた🍕
image : 0
2015-03-26 12:05:23 +0900
https://twitter.com/forest7272
==============================================
[ check ++++ 除外 (収集範囲より過去のツイート - 処理を停止します) ]
580922873184808961
nonakachin
乃中Pa.k.a.NONAKA+CHIN
@forest7272 タートルズは必須やろ！酒飲みながらタートルズやってピザ頼んでピーザ↑パァーン↓
image : 0
2015-03-26 11:43:00 +0900
https://twitter.com/nonakachin
==============================================
[ check ++++ 除外 (収集範囲より過去のツイート - 処理を停止します) ]
580906878017777664
kerokei
慶＠制作休止
RT @kibikodama: ボーロくん達には調度よい！
ちーまうにも少し小さいかな。
タートルズのピザボックス。その名の通り箱になる優れもの。 http://t.co/GwkTREzwFZ
image : 1
2015-03-26 10:39:27 +0900
https://twitter.com/kerokei
==============================================
[ check ++++ 除外 (収集範囲より過去のツイート - 処理を停止します) ]
580906326882058242
kibikodama
いろは@迷走中
ボーロくん達には調度よい！
ちーまうにも少し小さいかな。
タートルズのピザボックス。その名の通り箱になる優れもの。 http://t.co/GwkTREzwFZ
image : 1
2015-03-26 10:37:15 +0900
https://twitter.com/kibikodama
==============================================
[ check ++++ 除外 (収集範囲より過去のツイート - 処理を停止します) ]
580725236334628866
dragoste_eu
かづさみくる
&gt;RT 手札回しの度に「ピザ食います」と言って交換してたタートルズ(カタナ枠)はまだ普通だった模様
image : 0
2015-03-25 22:37:40 +0900
https://twitter.com/dragoste_eu
==============================================
[ check ++++ 除外 (収集範囲より過去のツイート - 処理を停止します) ]
580723848477184001
canis416major
Hi-ro(ヒィロ)
今日は念願のタートルズを見に行ってきました➰＼(^^)／マイキーが可愛くて、映画をみてる間ずっとニヤニヤしてました←
特に、エレベーターの中でリズムを取り出したときは、もう、ね。うん。
私もピザ大好きよー♪最近食べてないけど。
image : 0
2015-03-25 22:32:09 +0900
https://twitter.com/canis416major
==============================================
[ check ++++ 除外 (収集範囲より過去のツイート - 処理を停止します) ]
580719524489527296
chako_chako_c
ちゃこ
1ドニーの口元へピザを突っ込む
2レオの邪魔にならないようにラフの頭のチーズを取る
3ラフの邪魔にならないようにマイキーの近くにピザを置いてやる
4左の空いたスペースに座る
さぁ！これで君もタートルズ達に馴染めたかな！？ http://t.co/QxFni5JyMD
image : 1
2015-03-25 22:14:58 +0900
https://twitter.com/chako_chako_c
==============================================
[ check ++++ 除外 (収集範囲より過去のツイート - 処理を停止します) ]
580713758600744960
cvx1mxus2
電波教師！最高とアニメ人生
昔、姉ちゃんが「いいよいいよ・・・」ってメッチャ寝言で遠慮してたから、なんの夢見てたのか聞いたら、「忍者タートルズにピザをプレゼントされて、申し訳なくて遠慮してた」って寝ぼけながら話してくれたのはポイント高かったですね。
image : 0
2015-03-25 21:52:03 +0900
https://twitter.com/cvx1mxus2
==============================================
[ check ++++ 除外 (収集範囲より過去のツイート - 処理を停止します) ]
580681542709571584
ri_ku_n
ri-ku
ちなみに自分がピザ好きなのはかなり幼少期からで、タートルズが原因だと思われる（定説）
image : 0
2015-03-25 19:44:02 +0900
https://twitter.com/ri_ku_n
==============================================
[ check ++++ 除外 (収集範囲より過去のツイート - 処理を停止します) ]
580631799627407360
toriwara1025
とりえずまぁ笑いなはれ～
昔、姉ちゃんが「いいよいいよ・・・」ってメッチャ寝言で遠慮してたから、なんの夢見てたのか聞いたら、「忍者タートルズにピザをプレゼントされて、申し訳なくて遠慮してた」って寝ぼけながら話してくれたのはポイント高かったですね。
image : 0
2015-03-25 16:26:23 +0900
https://twitter.com/toriwara1025
==============================================
[ check ++++ 除外 (収集範囲より過去のツイート - 処理を停止します) ]
580628044102135808
Hukaaaa_disney
ふうか
タートルズ見た後に「99種類のチーズのピザ美味しそうだった」という流れでピザ食べた(^-^)♡ http://t.co/Pqc6afgUu1
image : 1
2015-03-25 16:11:27 +0900
https://twitter.com/Hukaaaa_disney
==============================================
[ check ++++ 除外 (収集範囲より過去のツイート - 処理を停止します) ]
580392402709516288
blackchocomint
海洋
タートルズ観ると十中八九ピザ食べたくなるからこの時間帯に観るの本当に危険
image : 0
2015-03-25 00:35:06 +0900
https://twitter.com/blackchocomint
==============================================
[ check ++++ 除外 (収集範囲より過去のツイート - 処理を停止します) ]
580359390282170369
warau_kessaku
笑うしかない傑作選
昔、姉ちゃんが「いいよいいよ・・・」ってメッチャ寝言で遠慮してたから、なんの夢見てたのか聞いたら、「忍者タートルズにピザをプレゼントされて、申し訳なくて遠慮してた」って寝ぼけながら話してくれたのはポイント高かったですね。
image : 0
2015-03-24 22:23:55 +0900
https://twitter.com/warau_kessaku
==============================================
[ check ++++ 除外 (収集範囲より過去のツイート - 処理を停止します) ]
580352985638707201
chimateer
残念な姉
RT @Ojirou_qb3: タートルズのピザボックスが欲しい。
image : 0
2015-03-24 21:58:28 +0900
https://twitter.com/chimateer
==============================================
[ check ++++ 除外 (収集範囲より過去のツイート - 処理を停止します) ]
580349941869989889
littlesugar_KT
かぐらめ/刀剣乱舞はじめました
RT @kobax27: 1000円ちょっとで売ってたタートルズのピザボックスが楽しい。増改築して秘密基地にしたいけど、畳むと宅配ピザ箱に変形するギミックを潰すのは勿体無い。#ウィーゴ #メカトロウィーゴ http://t.co/7ipRwoHHac
image : 1
2015-03-24 21:46:23 +0900
https://twitter.com/littlesugar_KT
==============================================
[ check ++++ 除外 (収集範囲より過去のツイート - 処理を停止します) ]
580342173461164032
chimateer
残念な姉
RT @kobax27: 1000円ちょっとで売ってたタートルズのピザボックスが楽しい。増改築して秘密基地にしたいけど、畳むと宅配ピザ箱に変形するギミックを潰すのは勿体無い。#ウィーゴ #メカトロウィーゴ http://t.co/7ipRwoHHac
image : 1
2015-03-24 21:15:31 +0900
https://twitter.com/chimateer
==============================================
[ check ++++ 除外 (収集範囲より過去のツイート - 処理を停止します) ]
580331829820944384
10dai_gotcha
遊座
ひょんなことからタートルズと知り合ってなんやかんやあった挙句ご飯を差し入れする人になりたい。マイキーにチューブのピザソースをプレゼントしたい。
image : 0
2015-03-24 20:34:24 +0900
https://twitter.com/10dai_gotcha
==============================================
[ check ++++ 除外 (収集範囲より過去のツイート - 処理を停止します) ]
580330802522673152
Ojirou_qb3
O次郎
タートルズのピザボックスが欲しい。
image : 0
2015-03-24 20:30:20 +0900
https://twitter.com/Ojirou_qb3
==============================================
[ check ++++ 除外 (収集範囲より過去のツイート - 処理を停止します) ]
580324425549021184
grenouille62778
蛙
RT @kobax27: 1000円ちょっとで売ってたタートルズのピザボックスが楽しい。増改築して秘密基地にしたいけど、畳むと宅配ピザ箱に変形するギミックを潰すのは勿体無い。#ウィーゴ #メカトロウィーゴ http://t.co/7ipRwoHHac
image : 1
2015-03-24 20:04:59 +0900
https://twitter.com/grenouille62778
==============================================
[ check ++++ 除外 (収集範囲より過去のツイート - 処理を停止します) ]
580323116267614209
aqualien
恵比寿腰太朗
RT @kobax27: 1000円ちょっとで売ってたタートルズのピザボックスが楽しい。増改築して秘密基地にしたいけど、畳むと宅配ピザ箱に変形するギミックを潰すのは勿体無い。#ウィーゴ #メカトロウィーゴ http://t.co/7ipRwoHHac
image : 1
2015-03-24 19:59:47 +0900
https://twitter.com/aqualien
==============================================
[ check ++++ 除外 (収集範囲より過去のツイート - 処理を停止します) ]
580314249097977856
azutan_harutan
梓＜レジェンド探してます！！
RT @kobax27: 1000円ちょっとで売ってたタートルズのピザボックスが楽しい。増改築して秘密基地にしたいけど、畳むと宅配ピザ箱に変形するギミックを潰すのは勿体無い。#ウィーゴ #メカトロウィーゴ http://t.co/7ipRwoHHac
image : 1
2015-03-24 19:24:33 +0900
https://twitter.com/azutan_harutan
==============================================
[ check ++++ 除外 (収集範囲より過去のツイート - 処理を停止します) ]
580312217926520833
mori_saki
森砂季
RT @kobax27: 1000円ちょっとで売ってたタートルズのピザボックスが楽しい。増改築して秘密基地にしたいけど、畳むと宅配ピザ箱に変形するギミックを潰すのは勿体無い。#ウィーゴ #メカトロウィーゴ http://t.co/7ipRwoHHac
image : 1
2015-03-24 19:16:29 +0900
https://twitter.com/mori_saki
==============================================
[ check ++++ 除外 (収集範囲より過去のツイート - 処理を停止します) ]
580309417649827843
playzoneman
ぷれぞんマン
RT @kobax27: 1000円ちょっとで売ってたタートルズのピザボックスが楽しい。増改築して秘密基地にしたいけど、畳むと宅配ピザ箱に変形するギミックを潰すのは勿体無い。#ウィーゴ #メカトロウィーゴ http://t.co/7ipRwoHHac
image : 1
2015-03-24 19:05:21 +0900
https://twitter.com/playzoneman
==============================================
[ check ++++ 除外 (収集範囲より過去のツイート - 処理を停止します) ]
580306031533629441
kazuturbo
カズターボ
RT @kobax27: 1000円ちょっとで売ってたタートルズのピザボックスが楽しい。増改築して秘密基地にしたいけど、畳むと宅配ピザ箱に変形するギミックを潰すのは勿体無い。#ウィーゴ #メカトロウィーゴ http://t.co/7ipRwoHHac
image : 1
2015-03-24 18:51:54 +0900
https://twitter.com/kazuturbo
==============================================
[ check ++++ 除外 (収集範囲より過去のツイート - 処理を停止します) ]
580303146611662848
metalguru360
グルー
RT @kobax27: 1000円ちょっとで売ってたタートルズのピザボックスが楽しい。増改築して秘密基地にしたいけど、畳むと宅配ピザ箱に変形するギミックを潰すのは勿体無い。#ウィーゴ #メカトロウィーゴ http://t.co/7ipRwoHHac
image : 1
2015-03-24 18:40:26 +0900
https://twitter.com/metalguru360
==============================================
[ check ++++ 除外 (収集範囲より過去のツイート - 処理を停止します) ]
580302317083201536
kibikodama
いろは@迷走中
さっきのピザボックスと一緒にタートルズもポチればよかったな…
image : 0
2015-03-24 18:37:08 +0900
https://twitter.com/kibikodama
==============================================
[ check ++++ 除外 (収集範囲より過去のツイート - 処理を停止します) ]
580301350400958464
mo_ruru31
おこめ (눈_눈≡눈_눈)
RT @kobax27: 1000円ちょっとで売ってたタートルズのピザボックスが楽しい。増改築して秘密基地にしたいけど、畳むと宅配ピザ箱に変形するギミックを潰すのは勿体無い。#ウィーゴ #メカトロウィーゴ http://t.co/7ipRwoHHac
image : 1
2015-03-24 18:33:18 +0900
https://twitter.com/mo_ruru31
==============================================
[ check ++++ 除外 (収集範囲より過去のツイート - 処理を停止します) ]
580299375793954816
toriwara1025
とりえずまぁ笑いなはれ～
昔、姉ちゃんが「いいよいいよ・・・」ってメッチャ寝言で遠慮してたから、なんの夢見てたのか聞いたら、「忍者タートルズにピザをプレゼントされて、申し訳なくて遠慮してた」って寝ぼけながら話してくれたのはポイント高かったですね。
image : 0
2015-03-24 18:25:27 +0900
https://twitter.com/toriwara1025
==============================================
[ check ++++ 除外 (収集範囲より過去のツイート - 処理を停止します) ]
580295428073078784
guerrero825
ゲレロ
RT @kobax27: 1000円ちょっとで売ってたタートルズのピザボックスが楽しい。増改築して秘密基地にしたいけど、畳むと宅配ピザ箱に変形するギミックを潰すのは勿体無い。#ウィーゴ #メカトロウィーゴ http://t.co/7ipRwoHHac
image : 1
2015-03-24 18:09:46 +0900
https://twitter.com/guerrero825
==============================================
[ check ++++ 除外 (収集範囲より過去のツイート - 処理を停止します) ]
580295065886584832
And_Ender
ゆぴなむ
RT @kobax27: 1000円ちょっとで売ってたタートルズのピザボックスが楽しい。増改築して秘密基地にしたいけど、畳むと宅配ピザ箱に変形するギミックを潰すのは勿体無い。#ウィーゴ #メカトロウィーゴ http://t.co/7ipRwoHHac
image : 1
2015-03-24 18:08:19 +0900
https://twitter.com/And_Ender
==============================================
[ check ++++ 除外 (収集範囲より過去のツイート - 処理を停止します) ]
580294737891979264
SENTINELcoltd
㈱千値練・センチネル
RT @kobax27: 1000円ちょっとで売ってたタートルズのピザボックスが楽しい。増改築して秘密基地にしたいけど、畳むと宅配ピザ箱に変形するギミックを潰すのは勿体無い。#ウィーゴ #メカトロウィーゴ http://t.co/7ipRwoHHac
image : 1
2015-03-24 18:07:01 +0900
https://twitter.com/SENTINELcoltd
==============================================
[ check ++++ 除外 (収集範囲より過去のツイート - 処理を停止します) ]
580292386560999424
kazz517
KAZZ
RT @kobax27: 1000円ちょっとで売ってたタートルズのピザボックスが楽しい。増改築して秘密基地にしたいけど、畳むと宅配ピザ箱に変形するギミックを潰すのは勿体無い。#ウィーゴ #メカトロウィーゴ http://t.co/7ipRwoHHac
image : 1
2015-03-24 17:57:40 +0900
https://twitter.com/kazz517
==============================================
[ check ++++ 除外 (収集範囲より過去のツイート - 処理を停止します) ]
580288922695008256
rechte070331
レヒトの出席番号は2番と5番
RT @kobax27: 1000円ちょっとで売ってたタートルズのピザボックスが楽しい。増改築して秘密基地にしたいけど、畳むと宅配ピザ箱に変形するギミックを潰すのは勿体無い。#ウィーゴ #メカトロウィーゴ http://t.co/7ipRwoHHac
image : 1
2015-03-24 17:43:55 +0900
https://twitter.com/rechte070331
==============================================
[ check ++++ 除外 (収集範囲より過去のツイート - 処理を停止します) ]
580288452089905152
irie0530
壱子
RT @kobax27: 1000円ちょっとで売ってたタートルズのピザボックスが楽しい。増改築して秘密基地にしたいけど、畳むと宅配ピザ箱に変形するギミックを潰すのは勿体無い。#ウィーゴ #メカトロウィーゴ http://t.co/7ipRwoHHac
image : 1
2015-03-24 17:42:02 +0900
https://twitter.com/irie0530
==============================================
[ check ++++ 除外 (収集範囲より過去のツイート - 処理を停止します) ]
580288208526655488
kibikodama
いろは@迷走中
RT @kobax27: 1000円ちょっとで売ってたタートルズのピザボックスが楽しい。増改築して秘密基地にしたいけど、畳むと宅配ピザ箱に変形するギミックを潰すのは勿体無い。#ウィーゴ #メカトロウィーゴ http://t.co/7ipRwoHHac
image : 1
2015-03-24 17:41:04 +0900
https://twitter.com/kibikodama
==============================================
[ check ++++ 除外 (収集範囲より過去のツイート - 処理を停止します) ]
580287888488714240
senti_terio
テリオ@千値練
RT @kobax27: 1000円ちょっとで売ってたタートルズのピザボックスが楽しい。増改築して秘密基地にしたいけど、畳むと宅配ピザ箱に変形するギミックを潰すのは勿体無い。#ウィーゴ #メカトロウィーゴ http://t.co/7ipRwoHHac
image : 1
2015-03-24 17:39:48 +0900
https://twitter.com/senti_terio
==============================================
[ check ++++ 除外 (収集範囲より過去のツイート - 処理を停止します) ]
580287163771695106
KimagureKeKo
アル☆乗れない操虫棍使い
RT @kobax27: 1000円ちょっとで売ってたタートルズのピザボックスが楽しい。増改築して秘密基地にしたいけど、畳むと宅配ピザ箱に変形するギミックを潰すのは勿体無い。#ウィーゴ #メカトロウィーゴ http://t.co/7ipRwoHHac
image : 1
2015-03-24 17:36:55 +0900
https://twitter.com/KimagureKeKo
==============================================
[ check ++++ 除外 (収集範囲より過去のツイート - 処理を停止します) ]
580286960322764800
agohige44
たか
RT @kobax27: 1000円ちょっとで売ってたタートルズのピザボックスが楽しい。増改築して秘密基地にしたいけど、畳むと宅配ピザ箱に変形するギミックを潰すのは勿体無い。#ウィーゴ #メカトロウィーゴ http://t.co/7ipRwoHHac
image : 1
2015-03-24 17:36:07 +0900
https://twitter.com/agohige44
==============================================
[ check ++++ 除外 (収集範囲より過去のツイート - 処理を停止します) ]
580286849538633728
TAKUKURO
クロ
RT @kobax27: 1000円ちょっとで売ってたタートルズのピザボックスが楽しい。増改築して秘密基地にしたいけど、畳むと宅配ピザ箱に変形するギミックを潰すのは勿体無い。#ウィーゴ #メカトロウィーゴ http://t.co/7ipRwoHHac
image : 1
2015-03-24 17:35:40 +0900
https://twitter.com/TAKUKURO
==============================================
[ check ++++ 除外 (収集範囲より過去のツイート - 処理を停止します) ]
580286577017954304
kobax27
モデリズム 小林和史
1000円ちょっとで売ってたタートルズのピザボックスが楽しい。増改築して秘密基地にしたいけど、畳むと宅配ピザ箱に変形するギミックを潰すのは勿体無い。#ウィーゴ #メカトロウィーゴ http://t.co/7ipRwoHHac
image : 1
2015-03-24 17:34:35 +0900
https://twitter.com/kobax27
==============================================
[ check ++++ 除外 (収集範囲より過去のツイート - 処理を停止します) ]
580246282028990465
OoOoMJMoOoO
MJM
ピザを食べきた🍕🍕🍕おいしすぎる🍕🍕🍕タートルズの気分だぜ🐼🐼 http://t.co/5uRtecjBZd
image : 1
2015-03-24 14:54:28 +0900
https://twitter.com/OoOoMJMoOoO
==============================================
[ check ++++ 除外 (収集範囲より過去のツイート - 処理を停止します) ]
580135076303867904
obudylan
ヤマモトハルカ
タートルズをオマージュしたバンドやりたい。
ピザ作ったりバンドやりたい#yamamotoharuka  #illust #イラスト #illustagram https://t.co/Un5SILv2Nw
image : 0
2015-03-24 07:32:35 +0900
https://twitter.com/obudylan
==============================================
[ check ++++ 除外 (収集範囲より過去のツイート - 処理を停止します) ]
580057603255881729
DemkovaV
【AAA】日高光啓【SKY-HI】
今度タートルズ見ながらピザを食べよう“ラファエロでしょうよ！RT ミケランジェロは明るくて可愛い系だよね確か。”
image : 0
2015-03-24 02:24:44 +0900
https://twitter.com/DemkovaV
==============================================
[ check ++++ 除外 (収集範囲より過去のツイート - 処理を停止します) ]
580051401830612992
cvx1mxus2
電波教師！最高とアニメ人生
昔、姉ちゃんが「いいよいいよ・・・」ってメッチャ寝言で遠慮してたから、なんの夢見てたのか聞いたら、「忍者タートルズにピザをプレゼントされて、申し訳なくて遠慮してた」って寝ぼけながら話してくれたのはポイント高かったですね。
image : 0
2015-03-24 02:00:05 +0900
https://twitter.com/cvx1mxus2
==============================================
[ check ++++ 除外 (収集範囲より過去のツイート - 処理を停止します) ]
580010845469425664
omoroi_hanashi
ウケる～話で毎日笑って過ごそう
昔、姉ちゃんが「いいよいいよ・・・」ってメッチャ寝言で遠慮してたから、なんの夢見てたのか聞いたら、「忍者タートルズにピザをプレゼントされて、申し訳なくて遠慮してた」って寝ぼけながら話してくれたのはポイント高かったですね。
image : 0
2015-03-23 23:18:56 +0900
https://twitter.com/omoroi_hanashi
==============================================
[ check ++++ 除外 (収集範囲より過去のツイート - 処理を停止します) ]
579968864458428416
eligor15
ミンティ
ピザの画像にカワバンガって言うるーりぃのセンスが好き　タートルズ懐かしい
image : 0
2015-03-23 20:32:07 +0900
https://twitter.com/eligor15
==============================================
[ check ++++ 除外 (収集範囲より過去のツイート - 処理を停止します) ]
579958989334560770
toriwara1025
とりえずまぁ笑いなはれ～
昔、姉ちゃんが「いいよいいよ・・・」ってメッチャ寝言で遠慮してたから、なんの夢見てたのか聞いたら、「忍者タートルズにピザをプレゼントされて、申し訳なくて遠慮してた」って寝ぼけながら話してくれたのはポイント高かったですね。
image : 0
2015-03-23 19:52:52 +0900
https://twitter.com/toriwara1025
==============================================
[ check ++++ 除外 (収集範囲より過去のツイート - 処理を停止します) ]
579847656605769728
haru13ias
haru.BIAS
タートルズ見てるとめっちゃピザ食べたくなる。
image : 0
2015-03-23 12:30:29 +0900
https://twitter.com/haru13ias
==============================================
[ check ++++ 除外 (収集範囲より過去のツイート - 処理を停止します) ]
579842730378952706
hanatodance
花
チェリーコーク飲んでタートルズ見てピザ食って一緒に寝ようぜ
image : 0
2015-03-23 12:10:54 +0900
https://twitter.com/hanatodance
==============================================
[ check ++++ 除外 (収集範囲より過去のツイート - 処理を停止します) ]

:::::::::::::: 検索結果 ::::::::::::::
該当ツイート          : 2
範囲外ツイート（未来） : 1
範囲外ツイート（過去） ： 82
:::::::::::::::::::::::::::::::::::::

++++++++++++++ CSVファイル調整 : 開始 ++++++++++++++
追加予定のリスト数 : 2
CSV書込開始 : ./data/tweet_turtles_20150330_20150412.csv
行数        : 2
CSV書込完了
改行コード変換完了 (LF) : ./data/tweet_turtles_20150330_20150412.csv
バックアップファイルを削除してよいかチェック。。
バックアップファイル（空）を削除 : ./data/bk_tweet_turtles_20150330_20150412.csv
改行コード変換完了 (CRLF) : ./data/tweet_turtles_20150330_20150412.csv
++++++++++++++ CSVファイル調整 : 完了 ++++++++++++++

||||||||||||||||||| func (get_extracted_tweet_all) end |||||||||||||||||||
