# Logfile created on 2015-03-30 21:51:00 +0900 by logger.rb/44203
I, [2015-03-30T21:51:00.004590 #24287]  INFO -- : 
I, [2015-03-30T21:51:00.004646 #24287]  INFO -- : 
I, [2015-03-30T21:51:00.004674 #24287]  INFO -- : 
I, [2015-03-30T21:51:00.004698 #24287]  INFO -- : 
I, [2015-03-30T21:51:00.004720 #24287]  INFO -- : 
I, [2015-03-30T21:51:00.004748 #24287]  INFO -- : ||||||||||||||||||| func (get_extracted_tweet_all) start |||||||||||||||||||
I, [2015-03-30T21:51:00.004773 #24287]  INFO -- : 
I, [2015-03-30T21:51:00.004818 #24287]  INFO -- :  - - - - - - - - - - - - - - - - - - - - - - - - 
I, [2015-03-30T21:51:00.004850 #24287]  INFO -- : イベント発火時刻 : 2015-03-30 21:51:00 +0900
I, [2015-03-30T21:51:00.005554 #24287]  INFO -- : ツイート収集範囲 : 2015-03-30 00:00:00 +0900 ~ 2015-03-30 12:00:00 +0900
I, [2015-03-30T21:51:00.005652 #24287]  INFO -- : checkShouldAddCSVfile start
I, [2015-03-30T21:51:00.005684 #24287]  INFO -- : 
I, [2015-03-30T21:51:00.005818 #24287]  INFO -- :  + + + + + + + + + + + + + + + + + + 
I, [2015-03-30T21:51:00.005855 #24287]  INFO -- : 新しいファイルを作成します...
I, [2015-03-30T21:51:00.005912 #24287]  INFO -- : 
I, [2015-03-30T21:51:00.005954 #24287]  INFO -- : 今日の曜日 : 1
I, [2015-03-30T21:51:00.005983 #24287]  INFO -- : day_diff : 0
I, [2015-03-30T21:51:00.006711 #24287]  INFO -- : 収集範囲(スタート) : 20150330
I, [2015-03-30T21:51:00.006790 #24287]  INFO -- : 収集範囲(エンド)   : 20150412
I, [2015-03-30T21:51:00.006822 #24287]  INFO -- : 
I, [2015-03-30T21:51:00.006855 #24287]  INFO -- : 作成 : /Users/0FRZ14015/Dropbox/_sample/ruby/pictlink_twitter_crawler/res/data/tweet_turtles_20150330_20150412.csv
I, [2015-03-30T21:51:00.006883 #24287]  INFO -- :  + + + + + + + + + + + + + + + + + +
I, [2015-03-30T21:51:00.006905 #24287]  INFO -- : 
I, [2015-03-30T21:51:00.007098 #24287]  INFO -- : バックアップファイル作成 （空） : /Users/0FRZ14015/Dropbox/_sample/ruby/pictlink_twitter_crawler/res/data/bk_tweet_turtles_20150330_20150412.csv
I, [2015-03-30T21:51:00.007164 #24287]  INFO -- : 
I, [2015-03-30T21:51:00.007192 #24287]  INFO -- : tag              : turtles
I, [2015-03-30T21:51:00.007218 #24287]  INFO -- : name             : /Users/0FRZ14015/Dropbox/_sample/ruby/pictlink_twitter_crawler/res/data/tweet_turtles_20150330_20150412.csv
I, [2015-03-30T21:51:00.007244 #24287]  INFO -- : search_word      : タートルズ ピザ
I, [2015-03-30T21:51:00.007269 #24287]  INFO -- : - - - - - - - - - - - - - - - - - - - - - - - - 
I, [2015-03-30T21:51:00.007356 #24287]  INFO -- : 検索開始
I, [2015-03-30T21:51:01.070085 #24287]  INFO -- : 582487375990779904
I, [2015-03-30T21:51:01.070141 #24287]  INFO -- : pakutter2014
I, [2015-03-30T21:51:01.070163 #24287]  INFO -- : pakkuman
I, [2015-03-30T21:51:01.070196 #24287]  INFO -- : 昔、姉ちゃんが「いいよいいよ・・・」ってメッチャ寝言で遠慮してたから、なんの夢見てたのか聞いたら、「忍者タートルズにピザをプレゼントされて、申し訳なくて遠慮してた」って寝ぼけながら話してくれたのはポイント高かったですね。
I, [2015-03-30T21:51:01.070219 #24287]  INFO -- : image : 0
I, [2015-03-30T21:51:01.071433 #24287]  INFO -- : 2015-03-30 19:19:47 +0900
I, [2015-03-30T21:51:01.071465 #24287]  INFO -- : https://twitter.com/pakutter2014
I, [2015-03-30T21:51:01.071487 #24287]  INFO -- : ==============================================
I, [2015-03-30T21:51:01.071518 #24287]  INFO -- : [ check ++++ 除外 (収集範囲より未来のツイート) ]
I, [2015-03-30T21:51:01.071557 #24287]  INFO -- : 582397796008861696
I, [2015-03-30T21:51:01.071576 #24287]  INFO -- : warau_kessaku
I, [2015-03-30T21:51:01.071592 #24287]  INFO -- : 笑うしかない傑作選
I, [2015-03-30T21:51:01.071616 #24287]  INFO -- : 昔、姉ちゃんが「いいよいいよ・・・」ってメッチャ寝言で遠慮してたから、なんの夢見てたのか聞いたら、「忍者タートルズにピザをプレゼントされて、申し訳なくて遠慮してた」って寝ぼけながら話してくれたのはポイント高かったですね。
I, [2015-03-30T21:51:01.071655 #24287]  INFO -- : image : 0
I, [2015-03-30T21:51:01.071745 #24287]  INFO -- : 2015-03-30 13:23:49 +0900
I, [2015-03-30T21:51:01.071787 #24287]  INFO -- : https://twitter.com/warau_kessaku
I, [2015-03-30T21:51:01.071804 #24287]  INFO -- : ==============================================
I, [2015-03-30T21:51:01.071823 #24287]  INFO -- : [ check ++++ 除外 (収集範囲より未来のツイート) ]
I, [2015-03-30T21:51:01.071855 #24287]  INFO -- : 582322768554766336
I, [2015-03-30T21:51:01.071876 #24287]  INFO -- : toriwara1025
I, [2015-03-30T21:51:01.071893 #24287]  INFO -- : とりえずまぁ笑いなはれ～
I, [2015-03-30T21:51:01.071916 #24287]  INFO -- : 昔、姉ちゃんが「いいよいいよ・・・」ってメッチャ寝言で遠慮してたから、なんの夢見てたのか聞いたら、「忍者タートルズにピザをプレゼントされて、申し訳なくて遠慮してた」って寝ぼけながら話してくれたのはポイント高かったですね。
I, [2015-03-30T21:51:01.071935 #24287]  INFO -- : image : 0
I, [2015-03-30T21:51:01.072011 #24287]  INFO -- : 2015-03-30 08:25:41 +0900
I, [2015-03-30T21:51:01.072034 #24287]  INFO -- : https://twitter.com/toriwara1025
I, [2015-03-30T21:51:01.072050 #24287]  INFO -- : ==============================================
I, [2015-03-30T21:51:01.072072 #24287]  INFO -- : [ check ++++ 該当 ]
I, [2015-03-30T21:51:01.072103 #24287]  INFO -- : 582313576007745536
I, [2015-03-30T21:51:01.072121 #24287]  INFO -- : bbbbbjjjjj12345
I, [2015-03-30T21:51:01.072136 #24287]  INFO -- : 神々のリツイート
I, [2015-03-30T21:51:01.072158 #24287]  INFO -- : 姉ちゃんが「いや、だいじょうぶですよ…」ってよく寝言で遠慮してたから、なんの夢見てるのかきになってきいたら、「忍者タートルズにピザをプレゼントされて、申し訳なくて遠慮してた」って寝ぼけながら話してくれたのはここだけの話。
I, [2015-03-30T21:51:01.072180 #24287]  INFO -- : image : 0
I, [2015-03-30T21:51:01.072275 #24287]  INFO -- : 2015-03-30 07:49:10 +0900
I, [2015-03-30T21:51:01.072297 #24287]  INFO -- : https://twitter.com/bbbbbjjjjj12345
I, [2015-03-30T21:51:01.072314 #24287]  INFO -- : ==============================================
I, [2015-03-30T21:51:01.072337 #24287]  INFO -- : [ check ++++ 該当 ]
I, [2015-03-30T21:51:01.072369 #24287]  INFO -- : 582191046651555840
I, [2015-03-30T21:51:01.072387 #24287]  INFO -- : hid1th123
I, [2015-03-30T21:51:01.072403 #24287]  INFO -- : hid
I, [2015-03-30T21:51:01.072425 #24287]  INFO -- : failed pizza!
失敗したピザはラファが踏みつけてます笑
#タートルズ
#TMNT http://t.co/NZ1OHR3N6w
I, [2015-03-30T21:51:01.072443 #24287]  INFO -- : image : 1
I, [2015-03-30T21:51:01.072515 #24287]  INFO -- : 2015-03-29 23:42:16 +0900
I, [2015-03-30T21:51:01.072537 #24287]  INFO -- : https://twitter.com/hid1th123
I, [2015-03-30T21:51:01.072564 #24287]  INFO -- : ==============================================
I, [2015-03-30T21:51:01.072586 #24287]  INFO -- : [ check ++++ 除外 (収集範囲より過去のツイート - 処理を停止します) ]
I, [2015-03-30T21:51:01.072617 #24287]  INFO -- : 582187550443352064
I, [2015-03-30T21:51:01.072646 #24287]  INFO -- : tyrarex_reptile
I, [2015-03-30T21:51:01.072665 #24287]  INFO -- : 小型爬虫類ティラレックス
I, [2015-03-30T21:51:01.072688 #24287]  INFO -- : RT @hid1th123: マイキーにプラバンで作ったピザをごちそうしたよ！
#タートルズ
#TMNT http://t.co/YlSqGAMho0
I, [2015-03-30T21:51:01.072705 #24287]  INFO -- : image : 1
I, [2015-03-30T21:51:01.072774 #24287]  INFO -- : 2015-03-29 23:28:23 +0900
I, [2015-03-30T21:51:01.072799 #24287]  INFO -- : https://twitter.com/tyrarex_reptile
I, [2015-03-30T21:51:01.072815 #24287]  INFO -- : ==============================================
I, [2015-03-30T21:51:01.072834 #24287]  INFO -- : [ check ++++ 除外 (収集範囲より過去のツイート - 処理を停止します) ]
I, [2015-03-30T21:51:01.072872 #24287]  INFO -- : 582187446214905856
I, [2015-03-30T21:51:01.072891 #24287]  INFO -- : mikey_bot
I, [2015-03-30T21:51:01.072906 #24287]  INFO -- : マイキー(bot)
I, [2015-03-30T21:51:01.072927 #24287]  INFO -- : RT @hid1th123: マイキーにプラバンで作ったピザをごちそうしたよ！
#タートルズ
#TMNT http://t.co/YlSqGAMho0
I, [2015-03-30T21:51:01.072944 #24287]  INFO -- : image : 1
I, [2015-03-30T21:51:01.073037 #24287]  INFO -- : 2015-03-29 23:27:58 +0900
I, [2015-03-30T21:51:01.073059 #24287]  INFO -- : https://twitter.com/mikey_bot
I, [2015-03-30T21:51:01.073075 #24287]  INFO -- : ==============================================
I, [2015-03-30T21:51:01.073093 #24287]  INFO -- : [ check ++++ 除外 (収集範囲より過去のツイート - 処理を停止します) ]
I, [2015-03-30T21:51:01.073126 #24287]  INFO -- : 582186419751243778
I, [2015-03-30T21:51:01.073144 #24287]  INFO -- : warau_kessaku
I, [2015-03-30T21:51:01.073159 #24287]  INFO -- : 笑うしかない傑作選
I, [2015-03-30T21:51:01.073180 #24287]  INFO -- : 昔、姉ちゃんが「いいよいいよ・・・」ってメッチャ寝言で遠慮してたから、なんの夢見てたのか聞いたら、「忍者タートルズにピザをプレゼントされて、申し訳なくて遠慮してた」って寝ぼけながら話してくれたのはポイント高かったですね。
I, [2015-03-30T21:51:01.073198 #24287]  INFO -- : image : 0
I, [2015-03-30T21:51:01.073268 #24287]  INFO -- : 2015-03-29 23:23:53 +0900
I, [2015-03-30T21:51:01.073289 #24287]  INFO -- : https://twitter.com/warau_kessaku
I, [2015-03-30T21:51:01.073304 #24287]  INFO -- : ==============================================
I, [2015-03-30T21:51:01.073322 #24287]  INFO -- : [ check ++++ 除外 (収集範囲より過去のツイート - 処理を停止します) ]
I, [2015-03-30T21:51:01.073351 #24287]  INFO -- : 582147472593555456
I, [2015-03-30T21:51:01.073368 #24287]  INFO -- : neilguse
I, [2015-03-30T21:51:01.073383 #24287]  INFO -- : neilguse-il
I, [2015-03-30T21:51:01.073408 #24287]  INFO -- : 俺の中に流れる凶暴な忍者タートルズの血が再びピザを夕飯にさせた！！！
I, [2015-03-30T21:51:01.073443 #24287]  INFO -- : image : 0
I, [2015-03-30T21:51:01.073511 #24287]  INFO -- : 2015-03-29 20:49:07 +0900
I, [2015-03-30T21:51:01.073532 #24287]  INFO -- : https://twitter.com/neilguse
I, [2015-03-30T21:51:01.073550 #24287]  INFO -- : ==============================================
I, [2015-03-30T21:51:01.073569 #24287]  INFO -- : [ check ++++ 除外 (収集範囲より過去のツイート - 処理を停止します) ]
I, [2015-03-30T21:51:01.073599 #24287]  INFO -- : 582142568214892544
I, [2015-03-30T21:51:01.073616 #24287]  INFO -- : hid1th123
I, [2015-03-30T21:51:01.073631 #24287]  INFO -- : hid
I, [2015-03-30T21:51:01.073651 #24287]  INFO -- : マイキーにプラバンで作ったピザをごちそうしたよ！
#タートルズ
#TMNT http://t.co/YlSqGAMho0
I, [2015-03-30T21:51:01.073668 #24287]  INFO -- : image : 1
I, [2015-03-30T21:51:01.073737 #24287]  INFO -- : 2015-03-29 20:29:38 +0900
I, [2015-03-30T21:51:01.073758 #24287]  INFO -- : https://twitter.com/hid1th123
I, [2015-03-30T21:51:01.073774 #24287]  INFO -- : ==============================================
I, [2015-03-30T21:51:01.073791 #24287]  INFO -- : [ check ++++ 除外 (収集範囲より過去のツイート - 処理を停止します) ]
I, [2015-03-30T21:51:01.073838 #24287]  INFO -- : 582140867072282624
I, [2015-03-30T21:51:01.073857 #24287]  INFO -- : tsurupon_39hope
I, [2015-03-30T21:51:01.073872 #24287]  INFO -- : hid(イラスト・創作垢)
I, [2015-03-30T21:51:01.073893 #24287]  INFO -- : マイキーにプラバンで作ったピザをごちそうしたよ！
#タートルズ
#TMNT http://t.co/ek7ht8ZgKs
I, [2015-03-30T21:51:01.073911 #24287]  INFO -- : image : 1
I, [2015-03-30T21:51:01.073980 #24287]  INFO -- : 2015-03-29 20:22:53 +0900
I, [2015-03-30T21:51:01.074009 #24287]  INFO -- : https://twitter.com/tsurupon_39hope
I, [2015-03-30T21:51:01.074027 #24287]  INFO -- : ==============================================
I, [2015-03-30T21:51:01.074045 #24287]  INFO -- : [ check ++++ 除外 (収集範囲より過去のツイート - 処理を停止します) ]
I, [2015-03-30T21:51:01.074075 #24287]  INFO -- : 581989958757457920
I, [2015-03-30T21:51:01.074092 #24287]  INFO -- : toriwara1025
I, [2015-03-30T21:51:01.074107 #24287]  INFO -- : とりえずまぁ笑いなはれ～
I, [2015-03-30T21:51:01.074143 #24287]  INFO -- : 昔、姉ちゃんが「いいよいいよ・・・」ってメッチャ寝言で遠慮してたから、なんの夢見てたのか聞いたら、「忍者タートルズにピザをプレゼントされて、申し訳なくて遠慮してた」って寝ぼけながら話してくれたのはポイント高かったですね。
I, [2015-03-30T21:51:01.074178 #24287]  INFO -- : image : 0
I, [2015-03-30T21:51:01.074289 #24287]  INFO -- : 2015-03-29 10:23:13 +0900
I, [2015-03-30T21:51:01.074311 #24287]  INFO -- : https://twitter.com/toriwara1025
I, [2015-03-30T21:51:01.074326 #24287]  INFO -- : ==============================================
I, [2015-03-30T21:51:01.074348 #24287]  INFO -- : [ check ++++ 除外 (収集範囲より過去のツイート - 処理を停止します) ]
I, [2015-03-30T21:51:01.074377 #24287]  INFO -- : 581871076071714817
I, [2015-03-30T21:51:01.074394 #24287]  INFO -- : sweetie_ch
I, [2015-03-30T21:51:01.074409 #24287]  INFO -- : あまい
I, [2015-03-30T21:51:01.074430 #24287]  INFO -- : フォロワーにセフレ3人と合わせてタートルズじゃんと言われたので今からピザ頼む。
I, [2015-03-30T21:51:01.074447 #24287]  INFO -- : image : 0
I, [2015-03-30T21:51:01.074517 #24287]  INFO -- : 2015-03-29 02:30:49 +0900
I, [2015-03-30T21:51:01.074539 #24287]  INFO -- : https://twitter.com/sweetie_ch
I, [2015-03-30T21:51:01.074555 #24287]  INFO -- : ==============================================
I, [2015-03-30T21:51:01.074573 #24287]  INFO -- : [ check ++++ 除外 (収集範囲より過去のツイート - 処理を停止します) ]
I, [2015-03-30T21:51:01.074601 #24287]  INFO -- : 581867828325699585
I, [2015-03-30T21:51:01.074618 #24287]  INFO -- : kengaugau
I, [2015-03-30T21:51:01.074636 #24287]  INFO -- : ケンガウ
I, [2015-03-30T21:51:01.074703 #24287]  INFO -- : タートルズのアニメに出てくるピザ🍕思い出した
I, [2015-03-30T21:51:01.074721 #24287]  INFO -- : image : 0
I, [2015-03-30T21:51:01.074793 #24287]  INFO -- : 2015-03-29 02:17:55 +0900
I, [2015-03-30T21:51:01.074817 #24287]  INFO -- : https://twitter.com/kengaugau
I, [2015-03-30T21:51:01.074833 #24287]  INFO -- : ==============================================
I, [2015-03-30T21:51:01.074851 #24287]  INFO -- : [ check ++++ 除外 (収集範囲より過去のツイート - 処理を停止します) ]
I, [2015-03-30T21:51:01.074881 #24287]  INFO -- : 581850440687431680
I, [2015-03-30T21:51:01.074898 #24287]  INFO -- : sekigunso
I, [2015-03-30T21:51:01.074913 #24287]  INFO -- : 赤軍曹
I, [2015-03-30T21:51:01.074943 #24287]  INFO -- : 深夜だから好き放題にメモ
旧亀98話のタートルズの作画もちもちクリクリしてて可愛い
｢イワシにニシンのピザ｣→エイプリル、バッグにピザを直入れ
｢べっちゃぁ｣
エイプリル謎の｢ふぇ｣
レオナルド｢ドーナッテルロ？｣
トナカイに乗る亀
I, [2015-03-30T21:51:01.074964 #24287]  INFO -- : image : 0
I, [2015-03-30T21:51:01.075073 #24287]  INFO -- : 2015-03-29 01:08:49 +0900
I, [2015-03-30T21:51:01.075095 #24287]  INFO -- : https://twitter.com/sekigunso
I, [2015-03-30T21:51:01.075111 #24287]  INFO -- : ==============================================
I, [2015-03-30T21:51:01.075129 #24287]  INFO -- : [ check ++++ 除外 (収集範囲より過去のツイート - 処理を停止します) ]
I, [2015-03-30T21:51:01.075163 #24287]  INFO -- : 581839580904599552
I, [2015-03-30T21:51:01.075180 #24287]  INFO -- : ganchi68
I, [2015-03-30T21:51:01.075203 #24287]  INFO -- : がんち@再演へのプレリュード‥
I, [2015-03-30T21:51:01.075227 #24287]  INFO -- : @ebks07mg  亀飼う事になったのもピザがめちゃくちゃ好きになったのもタートルズのおかげですw幼心に影響を与えまくった作品でした( ˘ω˘)♡ 調べたら色々年代でシリーズ分けされてるんですね！今のアニメ版OPもYouTubeで見たのですがかっこええぇええ！！ (*°▽°*)
I, [2015-03-30T21:51:01.075246 #24287]  INFO -- : image : 0
I, [2015-03-30T21:51:01.075357 #24287]  INFO -- : 2015-03-29 00:25:40 +0900
I, [2015-03-30T21:51:01.075379 #24287]  INFO -- : https://twitter.com/ganchi68
I, [2015-03-30T21:51:01.075395 #24287]  INFO -- : ==============================================
I, [2015-03-30T21:51:01.075413 #24287]  INFO -- : [ check ++++ 除外 (収集範囲より過去のツイート - 処理を停止します) ]
I, [2015-03-30T21:51:01.075442 #24287]  INFO -- : 581824014999408640
I, [2015-03-30T21:51:01.075459 #24287]  INFO -- : warau_kessaku
I, [2015-03-30T21:51:01.075474 #24287]  INFO -- : 笑うしかない傑作選
I, [2015-03-30T21:51:01.075499 #24287]  INFO -- : 昔、姉ちゃんが「いいよいいよ・・・」ってメッチャ寝言で遠慮してたから、なんの夢見てたのか聞いたら、「忍者タートルズにピザをプレゼントされて、申し訳なくて遠慮してた」って寝ぼけながら話してくれたのはポイント高かったですね。
I, [2015-03-30T21:51:01.075517 #24287]  INFO -- : image : 0
I, [2015-03-30T21:51:01.075585 #24287]  INFO -- : 2015-03-28 23:23:49 +0900
I, [2015-03-30T21:51:01.075644 #24287]  INFO -- : https://twitter.com/warau_kessaku
I, [2015-03-30T21:51:01.075661 #24287]  INFO -- : ==============================================
I, [2015-03-30T21:51:01.075679 #24287]  INFO -- : [ check ++++ 除外 (収集範囲より過去のツイート - 処理を停止します) ]
I, [2015-03-30T21:51:01.075709 #24287]  INFO -- : 581808454651654144
I, [2015-03-30T21:51:01.075726 #24287]  INFO -- : waraituikyu
I, [2015-03-30T21:51:01.075741 #24287]  INFO -- : 笑いを追求bot
I, [2015-03-30T21:51:01.075762 #24287]  INFO -- : 昔、姉ちゃんが「いいよいいよ・・・」とめっちゃ寝言で遠慮してたから、なんの夢見てたか聞いたら「忍者タートルズにピザをプレゼントされて、申し訳なくて遠慮してた」と寝ぼけながら話してくれてキョドッた
I, [2015-03-30T21:51:01.075779 #24287]  INFO -- : image : 0
I, [2015-03-30T21:51:01.075887 #24287]  INFO -- : 2015-03-28 22:21:59 +0900
I, [2015-03-30T21:51:01.075909 #24287]  INFO -- : https://twitter.com/waraituikyu
I, [2015-03-30T21:51:01.075924 #24287]  INFO -- : ==============================================
I, [2015-03-30T21:51:01.075942 #24287]  INFO -- : [ check ++++ 除外 (収集範囲より過去のツイート - 処理を停止します) ]
I, [2015-03-30T21:51:01.075975 #24287]  INFO -- : 581807141289271297
I, [2015-03-30T21:51:01.075993 #24287]  INFO -- : sirasudon3
I, [2015-03-30T21:51:01.076008 #24287]  INFO -- : バタスコ
I, [2015-03-30T21:51:01.076029 #24287]  INFO -- : @kuri6_4 そこはサラダピザを実写タートルズのようにだな…
I, [2015-03-30T21:51:01.076046 #24287]  INFO -- : image : 0
I, [2015-03-30T21:51:01.076116 #24287]  INFO -- : 2015-03-28 22:16:46 +0900
I, [2015-03-30T21:51:01.076138 #24287]  INFO -- : https://twitter.com/sirasudon3
I, [2015-03-30T21:51:01.076191 #24287]  INFO -- : ==============================================
I, [2015-03-30T21:51:01.076211 #24287]  INFO -- : [ check ++++ 除外 (収集範囲より過去のツイート - 処理を停止します) ]
I, [2015-03-30T21:51:01.076241 #24287]  INFO -- : 581761309126971392
I, [2015-03-30T21:51:01.076257 #24287]  INFO -- : hakuri_n
I, [2015-03-30T21:51:01.076272 #24287]  INFO -- : ノマカプキチガイ角字
I, [2015-03-30T21:51:01.076297 #24287]  INFO -- : GOのタートルズ一応ちゃんと武器違うのか…前出てきたときはピザ食べてただけだった気がしたから…
I, [2015-03-30T21:51:01.076322 #24287]  INFO -- : image : 0
I, [2015-03-30T21:51:01.076394 #24287]  INFO -- : 2015-03-28 19:14:39 +0900
I, [2015-03-30T21:51:01.076444 #24287]  INFO -- : https://twitter.com/hakuri_n
I, [2015-03-30T21:51:01.076464 #24287]  INFO -- : ==============================================
I, [2015-03-30T21:51:01.076483 #24287]  INFO -- : [ check ++++ 除外 (収集範囲より過去のツイート - 処理を停止します) ]
I, [2015-03-30T21:51:01.076513 #24287]  INFO -- : 581708251273646080
I, [2015-03-30T21:51:01.076530 #24287]  INFO -- : tnkb_n
I, [2015-03-30T21:51:01.076545 #24287]  INFO -- : MB:5!
I, [2015-03-30T21:51:01.076566 #24287]  INFO -- : と、まだまだ難波で粘り中の新実写タートルズでの旧実写ネタはピザのあのシーンですが、コレもそうな気がするんですが、多分、気の所為（笑）
I, [2015-03-30T21:51:01.076583 #24287]  INFO -- : image : 0
I, [2015-03-30T21:51:01.076654 #24287]  INFO -- : 2015-03-28 15:43:49 +0900
I, [2015-03-30T21:51:01.076675 #24287]  INFO -- : https://twitter.com/tnkb_n
I, [2015-03-30T21:51:01.076691 #24287]  INFO -- : ==============================================
I, [2015-03-30T21:51:01.076709 #24287]  INFO -- : [ check ++++ 除外 (収集範囲より過去のツイート - 処理を停止します) ]
I, [2015-03-30T21:51:01.077124 #24287]  INFO -- : 581649303942217728
I, [2015-03-30T21:51:01.077145 #24287]  INFO -- : toriwara1025
I, [2015-03-30T21:51:01.077161 #24287]  INFO -- : とりえずまぁ笑いなはれ～
I, [2015-03-30T21:51:01.077183 #24287]  INFO -- : 昔、姉ちゃんが「いいよいいよ・・・」ってメッチャ寝言で遠慮してたから、なんの夢見てたのか聞いたら、「忍者タートルズにピザをプレゼントされて、申し訳なくて遠慮してた」って寝ぼけながら話してくれたのはポイント高かったですね。
I, [2015-03-30T21:51:01.077201 #24287]  INFO -- : image : 0
I, [2015-03-30T21:51:01.077276 #24287]  INFO -- : 2015-03-28 11:49:35 +0900
I, [2015-03-30T21:51:01.077298 #24287]  INFO -- : https://twitter.com/toriwara1025
I, [2015-03-30T21:51:01.077313 #24287]  INFO -- : ==============================================
I, [2015-03-30T21:51:01.077332 #24287]  INFO -- : [ check ++++ 除外 (収集範囲より過去のツイート - 処理を停止します) ]
I, [2015-03-30T21:51:01.077362 #24287]  INFO -- : 581631752927490048
I, [2015-03-30T21:51:01.077379 #24287]  INFO -- : MokeiyaOtotsuki
I, [2015-03-30T21:51:01.077394 #24287]  INFO -- : 模型屋おとつき
I, [2015-03-30T21:51:01.077424 #24287]  INFO -- : RT @kobax27: 1000円ちょっとで売ってたタートルズのピザボックスが楽しい。増改築して秘密基地にしたいけど、畳むと宅配ピザ箱に変形するギミックを潰すのは勿体無い。#ウィーゴ #メカトロウィーゴ http://t.co/7ipRwoHHac
I, [2015-03-30T21:51:01.077448 #24287]  INFO -- : image : 1
I, [2015-03-30T21:51:01.077541 #24287]  INFO -- : 2015-03-28 10:39:50 +0900
I, [2015-03-30T21:51:01.077563 #24287]  INFO -- : https://twitter.com/MokeiyaOtotsuki
I, [2015-03-30T21:51:01.077582 #24287]  INFO -- : ==============================================
I, [2015-03-30T21:51:01.077601 #24287]  INFO -- : [ check ++++ 除外 (収集範囲より過去のツイート - 処理を停止します) ]
I, [2015-03-30T21:51:01.077631 #24287]  INFO -- : 581458339248263169
I, [2015-03-30T21:51:01.077648 #24287]  INFO -- : nugekoon
I, [2015-03-30T21:51:01.077663 #24287]  INFO -- : 掘下ぬげ子@大阪オフ会
I, [2015-03-30T21:51:01.077684 #24287]  INFO -- : ピザ食べながらタートルズを見たいな！
I, [2015-03-30T21:51:01.077701 #24287]  INFO -- : image : 0
I, [2015-03-30T21:51:01.077771 #24287]  INFO -- : 2015-03-27 23:10:45 +0900
I, [2015-03-30T21:51:01.077792 #24287]  INFO -- : https://twitter.com/nugekoon
I, [2015-03-30T21:51:01.077808 #24287]  INFO -- : ==============================================
I, [2015-03-30T21:51:01.077834 #24287]  INFO -- : [ check ++++ 除外 (収集範囲より過去のツイート - 処理を停止します) ]
I, [2015-03-30T21:51:01.077884 #24287]  INFO -- : 581423114384355328
I, [2015-03-30T21:51:01.077906 #24287]  INFO -- : r_glay8124
I, [2015-03-30T21:51:01.077922 #24287]  INFO -- : 紅茶＠Rグレイ
I, [2015-03-30T21:51:01.077944 #24287]  INFO -- : 弟がタートルズのピザタイムと言うのをどこで覚えたのか知りたい。
I, [2015-03-30T21:51:01.077961 #24287]  INFO -- : image : 0
I, [2015-03-30T21:51:01.078032 #24287]  INFO -- : 2015-03-27 20:50:47 +0900
I, [2015-03-30T21:51:01.078054 #24287]  INFO -- : https://twitter.com/r_glay8124
I, [2015-03-30T21:51:01.078069 #24287]  INFO -- : ==============================================
I, [2015-03-30T21:51:01.078087 #24287]  INFO -- : [ check ++++ 除外 (収集範囲より過去のツイート - 処理を停止します) ]
I, [2015-03-30T21:51:01.078139 #24287]  INFO -- : 581413638709235713
I, [2015-03-30T21:51:01.078156 #24287]  INFO -- : 89tou
I, [2015-03-30T21:51:01.078171 #24287]  INFO -- : 白桃@とうらぶ沼
I, [2015-03-30T21:51:01.078193 #24287]  INFO -- : タートルズのピザカッター当たったけど開けてビックリ。プレゼントだから文句言っちゃダメかと思うけど…傷あるのどうかと思う。。クッションの意味ない。好きな作品だけにちょっと悲しい｡ﾟ(PД`q*)ﾟ｡ http://t.co/rUp30bh29g
I, [2015-03-30T21:51:01.078214 #24287]  INFO -- : image : 1
I, [2015-03-30T21:51:01.078282 #24287]  INFO -- : 2015-03-27 20:13:08 +0900
I, [2015-03-30T21:51:01.078303 #24287]  INFO -- : https://twitter.com/89tou
I, [2015-03-30T21:51:01.078318 #24287]  INFO -- : ==============================================
I, [2015-03-30T21:51:01.078339 #24287]  INFO -- : [ check ++++ 除外 (収集範囲より過去のツイート - 処理を停止します) ]
I, [2015-03-30T21:51:01.078370 #24287]  INFO -- : 581342303094120448
I, [2015-03-30T21:51:01.078387 #24287]  INFO -- : hy0uka
I, [2015-03-30T21:51:01.078401 #24287]  INFO -- : ヒョウカ
I, [2015-03-30T21:51:01.078422 #24287]  INFO -- : 懐かしいなァ。本当ににこにこぷんやアンパンマンやドラえもんにはお世話になりました……タートルズは、…なんか下水道(？)の所に家があってピザ食べてるイメージしかない。
I, [2015-03-30T21:51:01.078440 #24287]  INFO -- : image : 0
I, [2015-03-30T21:51:01.078509 #24287]  INFO -- : 2015-03-27 15:29:40 +0900
I, [2015-03-30T21:51:01.078545 #24287]  INFO -- : https://twitter.com/hy0uka
I, [2015-03-30T21:51:01.078561 #24287]  INFO -- : ==============================================
I, [2015-03-30T21:51:01.078579 #24287]  INFO -- : [ check ++++ 除外 (収集範囲より過去のツイート - 処理を停止します) ]
I, [2015-03-30T21:51:01.078608 #24287]  INFO -- : 581317090797178880
I, [2015-03-30T21:51:01.078624 #24287]  INFO -- : toriwara1025
I, [2015-03-30T21:51:01.078643 #24287]  INFO -- : とりえずまぁ笑いなはれ～
I, [2015-03-30T21:51:01.078665 #24287]  INFO -- : 昔、姉ちゃんが「いいよいいよ・・・」ってメッチャ寝言で遠慮してたから、なんの夢見てたのか聞いたら、「忍者タートルズにピザをプレゼントされて、申し訳なくて遠慮してた」って寝ぼけながら話してくれたのはポイント高かったですね。
I, [2015-03-30T21:51:01.078683 #24287]  INFO -- : image : 0
I, [2015-03-30T21:51:01.078752 #24287]  INFO -- : 2015-03-27 13:49:29 +0900
I, [2015-03-30T21:51:01.078773 #24287]  INFO -- : https://twitter.com/toriwara1025
I, [2015-03-30T21:51:01.078788 #24287]  INFO -- : ==============================================
I, [2015-03-30T21:51:01.078806 #24287]  INFO -- : [ check ++++ 除外 (収集範囲より過去のツイート - 処理を停止します) ]
I, [2015-03-30T21:51:01.078851 #24287]  INFO -- : 581194567254310912
I, [2015-03-30T21:51:01.078868 #24287]  INFO -- : tsurupon_39hope
I, [2015-03-30T21:51:01.078891 #24287]  INFO -- : hid(イラスト・創作垢)
I, [2015-03-30T21:51:01.078916 #24287]  INFO -- : RT @JULI0527: 今日はタートルズでピザ食いに行ってるwww http://t.co/zwW0flFJHK
I, [2015-03-30T21:51:01.078933 #24287]  INFO -- : image : 1
I, [2015-03-30T21:51:01.079005 #24287]  INFO -- : 2015-03-27 05:42:37 +0900
I, [2015-03-30T21:51:01.079027 #24287]  INFO -- : https://twitter.com/tsurupon_39hope
I, [2015-03-30T21:51:01.079042 #24287]  INFO -- : ==============================================
I, [2015-03-30T21:51:01.079060 #24287]  INFO -- : [ check ++++ 除外 (収集範囲より過去のツイート - 処理を停止します) ]
I, [2015-03-30T21:51:01.079092 #24287]  INFO -- : 581087179356651520
I, [2015-03-30T21:51:01.079110 #24287]  INFO -- : nag3264
I, [2015-03-30T21:51:01.079125 #24287]  INFO -- : nag
I, [2015-03-30T21:51:01.079145 #24287]  INFO -- : タートルズはピザのイメージしかないなあ #agqr #okaeriradio
I, [2015-03-30T21:51:01.079162 #24287]  INFO -- : image : 0
I, [2015-03-30T21:51:01.079253 #24287]  INFO -- : 2015-03-26 22:35:54 +0900
I, [2015-03-30T21:51:01.079275 #24287]  INFO -- : https://twitter.com/nag3264
I, [2015-03-30T21:51:01.079290 #24287]  INFO -- : ==============================================
I, [2015-03-30T21:51:01.079309 #24287]  INFO -- : [ check ++++ 除外 (収集範囲より過去のツイート - 処理を停止します) ]
I, [2015-03-30T21:51:01.079337 #24287]  INFO -- : 581083724097306624
I, [2015-03-30T21:51:01.079354 #24287]  INFO -- : mkk_lupo
I, [2015-03-30T21:51:01.079369 #24287]  INFO -- : ころ@バンビツム欲しい
I, [2015-03-30T21:51:01.079394 #24287]  INFO -- : タートルズ見てるとピザ食べたくなるんだよね
I, [2015-03-30T21:51:01.079411 #24287]  INFO -- : image : 0
I, [2015-03-30T21:51:01.079477 #24287]  INFO -- : 2015-03-26 22:22:10 +0900
I, [2015-03-30T21:51:01.079498 #24287]  INFO -- : https://twitter.com/mkk_lupo
I, [2015-03-30T21:51:01.079569 #24287]  INFO -- : ==============================================
I, [2015-03-30T21:51:01.079589 #24287]  INFO -- : [ check ++++ 除外 (収集範囲より過去のツイート - 処理を停止します) ]
I, [2015-03-30T21:51:01.079619 #24287]  INFO -- : 581083246638866433
I, [2015-03-30T21:51:01.079636 #24287]  INFO -- : www_ww_wara
I, [2015-03-30T21:51:01.079650 #24287]  INFO -- : 笑える画像
I, [2015-03-30T21:51:01.079695 #24287]  INFO -- : 昔、姉ちゃんが「いいよいいよ・・・」とめっちゃ寝言で遠慮してたから、なんの夢見てたか聞いたら「忍者タートルズにピザをプレゼントされて、申し訳なくて遠慮してた」と寝ぼけながら話してくれてキョドッた
I, [2015-03-30T21:51:01.079713 #24287]  INFO -- : image : 0
I, [2015-03-30T21:51:01.079784 #24287]  INFO -- : 2015-03-26 22:20:16 +0900
I, [2015-03-30T21:51:01.079805 #24287]  INFO -- : https://twitter.com/www_ww_wara
I, [2015-03-30T21:51:01.079829 #24287]  INFO -- : ==============================================
I, [2015-03-30T21:51:01.079849 #24287]  INFO -- : [ check ++++ 除外 (収集範囲より過去のツイート - 処理を停止します) ]
I, [2015-03-30T21:51:01.079883 #24287]  INFO -- : 581064803306737664
I, [2015-03-30T21:51:01.079901 #24287]  INFO -- : robo_z
I, [2015-03-30T21:51:01.079915 #24287]  INFO -- : ロボＺ（仮）
I, [2015-03-30T21:51:01.079937 #24287]  INFO -- : タートルズのピザ箱基地千円なら悪くない…のか？
I, [2015-03-30T21:51:01.079954 #24287]  INFO -- : image : 0
I, [2015-03-30T21:51:01.080025 #24287]  INFO -- : 2015-03-26 21:06:59 +0900
I, [2015-03-30T21:51:01.080069 #24287]  INFO -- : https://twitter.com/robo_z
I, [2015-03-30T21:51:01.080085 #24287]  INFO -- : ==============================================
I, [2015-03-30T21:51:01.080103 #24287]  INFO -- : [ check ++++ 除外 (収集範囲より過去のツイート - 処理を停止します) ]
I, [2015-03-30T21:51:01.080147 #24287]  INFO -- : 581064466831265793
I, [2015-03-30T21:51:01.080177 #24287]  INFO -- : harunasuba
I, [2015-03-30T21:51:01.080211 #24287]  INFO -- : うす塩遥菜
I, [2015-03-30T21:51:01.080236 #24287]  INFO -- : タートルズを見てたらピザが食べたくなっちゃった
I, [2015-03-30T21:51:01.080258 #24287]  INFO -- : image : 0
I, [2015-03-30T21:51:01.080338 #24287]  INFO -- : 2015-03-26 21:05:39 +0900
I, [2015-03-30T21:51:01.080360 #24287]  INFO -- : https://twitter.com/harunasuba
I, [2015-03-30T21:51:01.080375 #24287]  INFO -- : ==============================================
I, [2015-03-30T21:51:01.080396 #24287]  INFO -- : [ check ++++ 除外 (収集範囲より過去のツイート - 処理を停止します) ]
I, [2015-03-30T21:51:01.080427 #24287]  INFO -- : 580996077907677187
I, [2015-03-30T21:51:01.080444 #24287]  INFO -- : 23PHILIP
I, [2015-03-30T21:51:01.080459 #24287]  INFO -- : PHILIP
I, [2015-03-30T21:51:01.080480 #24287]  INFO -- : タートルズのスタチュー。2007年の写真やから古すぎて画像が荒い。
もうあれから8年もたったんか～～。ひいいいっ！
#TMNT　#turtles #タートルズ #スタチュー #フィギュア #ピザ #ミラージュ #おもちゃ http://t.co/DisZpxki7R
I, [2015-03-30T21:51:01.080498 #24287]  INFO -- : image : 1
I, [2015-03-30T21:51:01.080595 #24287]  INFO -- : 2015-03-26 16:33:54 +0900
I, [2015-03-30T21:51:01.080616 #24287]  INFO -- : https://twitter.com/23PHILIP
I, [2015-03-30T21:51:01.080632 #24287]  INFO -- : ==============================================
I, [2015-03-30T21:51:01.080649 #24287]  INFO -- : [ check ++++ 除外 (収集範囲より過去のツイート - 処理を停止します) ]
I, [2015-03-30T21:51:01.080678 #24287]  INFO -- : 580985023488102401
I, [2015-03-30T21:51:01.080696 #24287]  INFO -- : toriwara1025
I, [2015-03-30T21:51:01.080714 #24287]  INFO -- : とりえずまぁ笑いなはれ～
I, [2015-03-30T21:51:01.080736 #24287]  INFO -- : 昔、姉ちゃんが「いいよいいよ・・・」ってメッチャ寝言で遠慮してたから、なんの夢見てたのか聞いたら、「忍者タートルズにピザをプレゼントされて、申し訳なくて遠慮してた」って寝ぼけながら話してくれたのはポイント高かったですね。
I, [2015-03-30T21:51:01.080754 #24287]  INFO -- : image : 0
I, [2015-03-30T21:51:01.080823 #24287]  INFO -- : 2015-03-26 15:49:58 +0900
I, [2015-03-30T21:51:01.080844 #24287]  INFO -- : https://twitter.com/toriwara1025
I, [2015-03-30T21:51:01.080860 #24287]  INFO -- : ==============================================
I, [2015-03-30T21:51:01.080878 #24287]  INFO -- : [ check ++++ 除外 (収集範囲より過去のツイート - 処理を停止します) ]
I, [2015-03-30T21:51:01.080906 #24287]  INFO -- : 580963285312274434
I, [2015-03-30T21:51:01.080956 #24287]  INFO -- : best_RT_full
I, [2015-03-30T21:51:01.080972 #24287]  INFO -- : 【公式】ベストRT集
I, [2015-03-30T21:51:01.080994 #24287]  INFO -- : 昔、姉ちゃんが「いいよいいよ・・・」ってメッチャ寝言で遠慮してたから、なんの夢見てたのか聞いたら、「忍者タートルズにピザをプレゼントされて、申し訳なくて遠慮してた」って寝ぼけながら話してくれたのはポイント高かったですね。
I, [2015-03-30T21:51:01.081016 #24287]  INFO -- : image : 0
I, [2015-03-30T21:51:01.081084 #24287]  INFO -- : 2015-03-26 14:23:35 +0900
I, [2015-03-30T21:51:01.081105 #24287]  INFO -- : https://twitter.com/best_RT_full
I, [2015-03-30T21:51:01.081120 #24287]  INFO -- : ==============================================
I, [2015-03-30T21:51:01.081141 #24287]  INFO -- : [ check ++++ 除外 (収集範囲より過去のツイート - 処理を停止します) ]
I, [2015-03-30T21:51:01.081171 #24287]  INFO -- : 580928505883418624
I, [2015-03-30T21:51:01.081188 #24287]  INFO -- : forest7272
I, [2015-03-30T21:51:01.081203 #24287]  INFO -- : キュアプノンペン
I, [2015-03-30T21:51:01.081224 #24287]  INFO -- : タートルズの話してたらピザ食いたくなってきた🍕
I, [2015-03-30T21:51:01.081240 #24287]  INFO -- : image : 0
I, [2015-03-30T21:51:01.081351 #24287]  INFO -- : 2015-03-26 12:05:23 +0900
I, [2015-03-30T21:51:01.081373 #24287]  INFO -- : https://twitter.com/forest7272
I, [2015-03-30T21:51:01.081389 #24287]  INFO -- : ==============================================
I, [2015-03-30T21:51:01.081407 #24287]  INFO -- : [ check ++++ 除外 (収集範囲より過去のツイート - 処理を停止します) ]
I, [2015-03-30T21:51:01.081436 #24287]  INFO -- : 580922873184808961
I, [2015-03-30T21:51:01.081453 #24287]  INFO -- : nonakachin
I, [2015-03-30T21:51:01.081471 #24287]  INFO -- : 乃中Pa.k.a.NONAKA+CHIN
I, [2015-03-30T21:51:01.081493 #24287]  INFO -- : @forest7272 タートルズは必須やろ！酒飲みながらタートルズやってピザ頼んでピーザ↑パァーン↓
I, [2015-03-30T21:51:01.081511 #24287]  INFO -- : image : 0
I, [2015-03-30T21:51:01.081603 #24287]  INFO -- : 2015-03-26 11:43:00 +0900
I, [2015-03-30T21:51:01.081628 #24287]  INFO -- : https://twitter.com/nonakachin
I, [2015-03-30T21:51:01.081644 #24287]  INFO -- : ==============================================
I, [2015-03-30T21:51:01.081662 #24287]  INFO -- : [ check ++++ 除外 (収集範囲より過去のツイート - 処理を停止します) ]
I, [2015-03-30T21:51:01.081692 #24287]  INFO -- : 580906878017777664
I, [2015-03-30T21:51:01.081709 #24287]  INFO -- : kerokei
I, [2015-03-30T21:51:01.081724 #24287]  INFO -- : 慶＠制作休止
I, [2015-03-30T21:51:01.081746 #24287]  INFO -- : RT @kibikodama: ボーロくん達には調度よい！
ちーまうにも少し小さいかな。
タートルズのピザボックス。その名の通り箱になる優れもの。 http://t.co/GwkTREzwFZ
I, [2015-03-30T21:51:01.081763 #24287]  INFO -- : image : 1
I, [2015-03-30T21:51:01.081833 #24287]  INFO -- : 2015-03-26 10:39:27 +0900
I, [2015-03-30T21:51:01.081854 #24287]  INFO -- : https://twitter.com/kerokei
I, [2015-03-30T21:51:01.081869 #24287]  INFO -- : ==============================================
I, [2015-03-30T21:51:01.081887 #24287]  INFO -- : [ check ++++ 除外 (収集範囲より過去のツイート - 処理を停止します) ]
I, [2015-03-30T21:51:01.081920 #24287]  INFO -- : 580906326882058242
I, [2015-03-30T21:51:01.081937 #24287]  INFO -- : kibikodama
I, [2015-03-30T21:51:01.081952 #24287]  INFO -- : いろは@迷走中
I, [2015-03-30T21:51:01.081973 #24287]  INFO -- : ボーロくん達には調度よい！
ちーまうにも少し小さいかな。
タートルズのピザボックス。その名の通り箱になる優れもの。 http://t.co/GwkTREzwFZ
I, [2015-03-30T21:51:01.082428 #24287]  INFO -- : image : 1
I, [2015-03-30T21:51:01.082510 #24287]  INFO -- : 2015-03-26 10:37:15 +0900
I, [2015-03-30T21:51:01.082532 #24287]  INFO -- : https://twitter.com/kibikodama
I, [2015-03-30T21:51:01.082548 #24287]  INFO -- : ==============================================
I, [2015-03-30T21:51:01.082576 #24287]  INFO -- : [ check ++++ 除外 (収集範囲より過去のツイート - 処理を停止します) ]
I, [2015-03-30T21:51:01.082609 #24287]  INFO -- : 580725236334628866
I, [2015-03-30T21:51:01.082627 #24287]  INFO -- : dragoste_eu
I, [2015-03-30T21:51:01.082642 #24287]  INFO -- : かづさみくる
I, [2015-03-30T21:51:01.082667 #24287]  INFO -- : &gt;RT 手札回しの度に「ピザ食います」と言って交換してたタートルズ(カタナ枠)はまだ普通だった模様
I, [2015-03-30T21:51:01.082685 #24287]  INFO -- : image : 0
I, [2015-03-30T21:51:01.082755 #24287]  INFO -- : 2015-03-25 22:37:40 +0900
I, [2015-03-30T21:51:01.082776 #24287]  INFO -- : https://twitter.com/dragoste_eu
I, [2015-03-30T21:51:01.082794 #24287]  INFO -- : ==============================================
I, [2015-03-30T21:51:01.082813 #24287]  INFO -- : [ check ++++ 除外 (収集範囲より過去のツイート - 処理を停止します) ]
I, [2015-03-30T21:51:01.082842 #24287]  INFO -- : 580723848477184001
I, [2015-03-30T21:51:01.082875 #24287]  INFO -- : canis416major
I, [2015-03-30T21:51:01.082891 #24287]  INFO -- : Hi-ro(ヒィロ)
I, [2015-03-30T21:51:01.082921 #24287]  INFO -- : 今日は念願のタートルズを見に行ってきました➰＼(^^)／マイキーが可愛くて、映画をみてる間ずっとニヤニヤしてました←
特に、エレベーターの中でリズムを取り出したときは、もう、ね。うん。
私もピザ大好きよー♪最近食べてないけど。
I, [2015-03-30T21:51:01.082941 #24287]  INFO -- : image : 0
I, [2015-03-30T21:51:01.083014 #24287]  INFO -- : 2015-03-25 22:32:09 +0900
I, [2015-03-30T21:51:01.083036 #24287]  INFO -- : https://twitter.com/canis416major
I, [2015-03-30T21:51:01.083052 #24287]  INFO -- : ==============================================
I, [2015-03-30T21:51:01.083080 #24287]  INFO -- : [ check ++++ 除外 (収集範囲より過去のツイート - 処理を停止します) ]
I, [2015-03-30T21:51:01.083114 #24287]  INFO -- : 580719524489527296
I, [2015-03-30T21:51:01.083132 #24287]  INFO -- : chako_chako_c
I, [2015-03-30T21:51:01.083146 #24287]  INFO -- : ちゃこ
I, [2015-03-30T21:51:01.083167 #24287]  INFO -- : 1ドニーの口元へピザを突っ込む
2レオの邪魔にならないようにラフの頭のチーズを取る
3ラフの邪魔にならないようにマイキーの近くにピザを置いてやる
4左の空いたスペースに座る
さぁ！これで君もタートルズ達に馴染めたかな！？ http://t.co/QxFni5JyMD
I, [2015-03-30T21:51:01.083185 #24287]  INFO -- : image : 1
I, [2015-03-30T21:51:01.083280 #24287]  INFO -- : 2015-03-25 22:14:58 +0900
I, [2015-03-30T21:51:01.083301 #24287]  INFO -- : https://twitter.com/chako_chako_c
I, [2015-03-30T21:51:01.083316 #24287]  INFO -- : ==============================================
I, [2015-03-30T21:51:01.083334 #24287]  INFO -- : [ check ++++ 除外 (収集範囲より過去のツイート - 処理を停止します) ]
I, [2015-03-30T21:51:01.083363 #24287]  INFO -- : 580713758600744960
I, [2015-03-30T21:51:01.083380 #24287]  INFO -- : cvx1mxus2
I, [2015-03-30T21:51:01.083394 #24287]  INFO -- : 電波教師！最高とアニメ人生
I, [2015-03-30T21:51:01.083418 #24287]  INFO -- : 昔、姉ちゃんが「いいよいいよ・・・」ってメッチャ寝言で遠慮してたから、なんの夢見てたのか聞いたら、「忍者タートルズにピザをプレゼントされて、申し訳なくて遠慮してた」って寝ぼけながら話してくれたのはポイント高かったですね。
I, [2015-03-30T21:51:01.083437 #24287]  INFO -- : image : 0
I, [2015-03-30T21:51:01.083503 #24287]  INFO -- : 2015-03-25 21:52:03 +0900
I, [2015-03-30T21:51:01.083526 #24287]  INFO -- : https://twitter.com/cvx1mxus2
I, [2015-03-30T21:51:01.083543 #24287]  INFO -- : ==============================================
I, [2015-03-30T21:51:01.083561 #24287]  INFO -- : [ check ++++ 除外 (収集範囲より過去のツイート - 処理を停止します) ]
I, [2015-03-30T21:51:01.083614 #24287]  INFO -- : 580681542709571584
I, [2015-03-30T21:51:01.083631 #24287]  INFO -- : ri_ku_n
I, [2015-03-30T21:51:01.083646 #24287]  INFO -- : ri-ku
I, [2015-03-30T21:51:01.083667 #24287]  INFO -- : ちなみに自分がピザ好きなのはかなり幼少期からで、タートルズが原因だと思われる（定説）
I, [2015-03-30T21:51:01.083684 #24287]  INFO -- : image : 0
I, [2015-03-30T21:51:01.083754 #24287]  INFO -- : 2015-03-25 19:44:02 +0900
I, [2015-03-30T21:51:01.083776 #24287]  INFO -- : https://twitter.com/ri_ku_n
I, [2015-03-30T21:51:01.083791 #24287]  INFO -- : ==============================================
I, [2015-03-30T21:51:01.083809 #24287]  INFO -- : [ check ++++ 除外 (収集範囲より過去のツイート - 処理を停止します) ]
I, [2015-03-30T21:51:01.083841 #24287]  INFO -- : 580631799627407360
I, [2015-03-30T21:51:01.083859 #24287]  INFO -- : toriwara1025
I, [2015-03-30T21:51:01.083874 #24287]  INFO -- : とりえずまぁ笑いなはれ～
I, [2015-03-30T21:51:01.083895 #24287]  INFO -- : 昔、姉ちゃんが「いいよいいよ・・・」ってメッチャ寝言で遠慮してたから、なんの夢見てたのか聞いたら、「忍者タートルズにピザをプレゼントされて、申し訳なくて遠慮してた」って寝ぼけながら話してくれたのはポイント高かったですね。
I, [2015-03-30T21:51:01.083921 #24287]  INFO -- : image : 0
I, [2015-03-30T21:51:01.083994 #24287]  INFO -- : 2015-03-25 16:26:23 +0900
I, [2015-03-30T21:51:01.084015 #24287]  INFO -- : https://twitter.com/toriwara1025
I, [2015-03-30T21:51:01.084055 #24287]  INFO -- : ==============================================
I, [2015-03-30T21:51:01.084074 #24287]  INFO -- : [ check ++++ 除外 (収集範囲より過去のツイート - 処理を停止します) ]
I, [2015-03-30T21:51:01.084104 #24287]  INFO -- : 580628044102135808
I, [2015-03-30T21:51:01.084121 #24287]  INFO -- : Hukaaaa_disney
I, [2015-03-30T21:51:01.084139 #24287]  INFO -- : ふうか
I, [2015-03-30T21:51:01.084162 #24287]  INFO -- : タートルズ見た後に「99種類のチーズのピザ美味しそうだった」という流れでピザ食べた(^-^)♡ http://t.co/Pqc6afgUu1
I, [2015-03-30T21:51:01.084180 #24287]  INFO -- : image : 1
I, [2015-03-30T21:51:01.084246 #24287]  INFO -- : 2015-03-25 16:11:27 +0900
I, [2015-03-30T21:51:01.084270 #24287]  INFO -- : https://twitter.com/Hukaaaa_disney
I, [2015-03-30T21:51:01.084286 #24287]  INFO -- : ==============================================
I, [2015-03-30T21:51:01.084304 #24287]  INFO -- : [ check ++++ 除外 (収集範囲より過去のツイート - 処理を停止します) ]
I, [2015-03-30T21:51:01.084333 #24287]  INFO -- : 580392402709516288
I, [2015-03-30T21:51:01.084349 #24287]  INFO -- : blackchocomint
I, [2015-03-30T21:51:01.084364 #24287]  INFO -- : 海洋
I, [2015-03-30T21:51:01.084408 #24287]  INFO -- : タートルズ観ると十中八九ピザ食べたくなるからこの時間帯に観るの本当に危険
I, [2015-03-30T21:51:01.084425 #24287]  INFO -- : image : 0
I, [2015-03-30T21:51:01.084494 #24287]  INFO -- : 2015-03-25 00:35:06 +0900
I, [2015-03-30T21:51:01.084515 #24287]  INFO -- : https://twitter.com/blackchocomint
I, [2015-03-30T21:51:01.084531 #24287]  INFO -- : ==============================================
I, [2015-03-30T21:51:01.084549 #24287]  INFO -- : [ check ++++ 除外 (収集範囲より過去のツイート - 処理を停止します) ]
I, [2015-03-30T21:51:01.084581 #24287]  INFO -- : 580359390282170369
I, [2015-03-30T21:51:01.084598 #24287]  INFO -- : warau_kessaku
I, [2015-03-30T21:51:01.084613 #24287]  INFO -- : 笑うしかない傑作選
I, [2015-03-30T21:51:01.084642 #24287]  INFO -- : 昔、姉ちゃんが「いいよいいよ・・・」ってメッチャ寝言で遠慮してたから、なんの夢見てたのか聞いたら、「忍者タートルズにピザをプレゼントされて、申し訳なくて遠慮してた」って寝ぼけながら話してくれたのはポイント高かったですね。
I, [2015-03-30T21:51:01.084662 #24287]  INFO -- : image : 0
I, [2015-03-30T21:51:01.084734 #24287]  INFO -- : 2015-03-24 22:23:55 +0900
I, [2015-03-30T21:51:01.084759 #24287]  INFO -- : https://twitter.com/warau_kessaku
I, [2015-03-30T21:51:01.084775 #24287]  INFO -- : ==============================================
I, [2015-03-30T21:51:01.084793 #24287]  INFO -- : [ check ++++ 除外 (収集範囲より過去のツイート - 処理を停止します) ]
I, [2015-03-30T21:51:01.084847 #24287]  INFO -- : 580352985638707201
I, [2015-03-30T21:51:01.084864 #24287]  INFO -- : chimateer
I, [2015-03-30T21:51:01.084883 #24287]  INFO -- : 残念な姉
I, [2015-03-30T21:51:01.084905 #24287]  INFO -- : RT @Ojirou_qb3: タートルズのピザボックスが欲しい。
I, [2015-03-30T21:51:01.084922 #24287]  INFO -- : image : 0
I, [2015-03-30T21:51:01.084991 #24287]  INFO -- : 2015-03-24 21:58:28 +0900
I, [2015-03-30T21:51:01.085013 #24287]  INFO -- : https://twitter.com/chimateer
I, [2015-03-30T21:51:01.085028 #24287]  INFO -- : ==============================================
I, [2015-03-30T21:51:01.085046 #24287]  INFO -- : [ check ++++ 除外 (収集範囲より過去のツイート - 処理を停止します) ]
I, [2015-03-30T21:51:01.085084 #24287]  INFO -- : 580349941869989889
I, [2015-03-30T21:51:01.085103 #24287]  INFO -- : littlesugar_KT
I, [2015-03-30T21:51:01.085118 #24287]  INFO -- : かぐらめ/刀剣乱舞はじめました
I, [2015-03-30T21:51:01.085139 #24287]  INFO -- : RT @kobax27: 1000円ちょっとで売ってたタートルズのピザボックスが楽しい。増改築して秘密基地にしたいけど、畳むと宅配ピザ箱に変形するギミックを潰すのは勿体無い。#ウィーゴ #メカトロウィーゴ http://t.co/7ipRwoHHac
I, [2015-03-30T21:51:01.085161 #24287]  INFO -- : image : 1
I, [2015-03-30T21:51:01.085251 #24287]  INFO -- : 2015-03-24 21:46:23 +0900
I, [2015-03-30T21:51:01.085273 #24287]  INFO -- : https://twitter.com/littlesugar_KT
I, [2015-03-30T21:51:01.085288 #24287]  INFO -- : ==============================================
I, [2015-03-30T21:51:01.085310 #24287]  INFO -- : [ check ++++ 除外 (収集範囲より過去のツイート - 処理を停止します) ]
I, [2015-03-30T21:51:01.085341 #24287]  INFO -- : 580342173461164032
I, [2015-03-30T21:51:01.085357 #24287]  INFO -- : chimateer
I, [2015-03-30T21:51:01.085372 #24287]  INFO -- : 残念な姉
I, [2015-03-30T21:51:01.085393 #24287]  INFO -- : RT @kobax27: 1000円ちょっとで売ってたタートルズのピザボックスが楽しい。増改築して秘密基地にしたいけど、畳むと宅配ピザ箱に変形するギミックを潰すのは勿体無い。#ウィーゴ #メカトロウィーゴ http://t.co/7ipRwoHHac
I, [2015-03-30T21:51:01.085410 #24287]  INFO -- : image : 1
I, [2015-03-30T21:51:01.085479 #24287]  INFO -- : 2015-03-24 21:15:31 +0900
I, [2015-03-30T21:51:01.085500 #24287]  INFO -- : https://twitter.com/chimateer
I, [2015-03-30T21:51:01.085516 #24287]  INFO -- : ==============================================
I, [2015-03-30T21:51:01.085533 #24287]  INFO -- : [ check ++++ 除外 (収集範囲より過去のツイート - 処理を停止します) ]
I, [2015-03-30T21:51:01.085564 #24287]  INFO -- : 580331829820944384
I, [2015-03-30T21:51:01.085582 #24287]  INFO -- : 10dai_gotcha
I, [2015-03-30T21:51:01.085597 #24287]  INFO -- : 遊座
I, [2015-03-30T21:51:01.085643 #24287]  INFO -- : ひょんなことからタートルズと知り合ってなんやかんやあった挙句ご飯を差し入れする人になりたい。マイキーにチューブのピザソースをプレゼントしたい。
I, [2015-03-30T21:51:01.085661 #24287]  INFO -- : image : 0
I, [2015-03-30T21:51:01.085730 #24287]  INFO -- : 2015-03-24 20:34:24 +0900
I, [2015-03-30T21:51:01.085751 #24287]  INFO -- : https://twitter.com/10dai_gotcha
I, [2015-03-30T21:51:01.085766 #24287]  INFO -- : ==============================================
I, [2015-03-30T21:51:01.085784 #24287]  INFO -- : [ check ++++ 除外 (収集範囲より過去のツイート - 処理を停止します) ]
I, [2015-03-30T21:51:01.085813 #24287]  INFO -- : 580330802522673152
I, [2015-03-30T21:51:01.085830 #24287]  INFO -- : Ojirou_qb3
I, [2015-03-30T21:51:01.085843 #24287]  INFO -- : O次郎

I, [2015-03-30T21:51:01.085866 #24287]  INFO -- : タートルズのピザボックスが欲しい。
I, [2015-03-30T21:51:01.085883 #24287]  INFO -- : image : 0
I, [2015-03-30T21:51:01.085948 #24287]  INFO -- : 2015-03-24 20:30:20 +0900
I, [2015-03-30T21:51:01.085969 #24287]  INFO -- : https://twitter.com/Ojirou_qb3
I, [2015-03-30T21:51:01.085988 #24287]  INFO -- : ==============================================
I, [2015-03-30T21:51:01.086031 #24287]  INFO -- : [ check ++++ 除外 (収集範囲より過去のツイート - 処理を停止します) ]
I, [2015-03-30T21:51:01.086061 #24287]  INFO -- : 580324425549021184
I, [2015-03-30T21:51:01.086078 #24287]  INFO -- : grenouille62778
I, [2015-03-30T21:51:01.086093 #24287]  INFO -- : 蛙
I, [2015-03-30T21:51:01.086114 #24287]  INFO -- : RT @kobax27: 1000円ちょっとで売ってたタートルズのピザボックスが楽しい。増改築して秘密基地にしたいけど、畳むと宅配ピザ箱に変形するギミックを潰すのは勿体無い。#ウィーゴ #メカトロウィーゴ http://t.co/7ipRwoHHac
I, [2015-03-30T21:51:01.086139 #24287]  INFO -- : image : 1
I, [2015-03-30T21:51:01.086261 #24287]  INFO -- : 2015-03-24 20:04:59 +0900
I, [2015-03-30T21:51:01.086301 #24287]  INFO -- : https://twitter.com/grenouille62778
I, [2015-03-30T21:51:01.086350 #24287]  INFO -- : ==============================================
I, [2015-03-30T21:51:01.086375 #24287]  INFO -- : [ check ++++ 除外 (収集範囲より過去のツイート - 処理を停止します) ]
I, [2015-03-30T21:51:01.086412 #24287]  INFO -- : 580323116267614209
I, [2015-03-30T21:51:01.086430 #24287]  INFO -- : aqualien
I, [2015-03-30T21:51:01.086445 #24287]  INFO -- : 恵比寿腰太朗
I, [2015-03-30T21:51:01.086466 #24287]  INFO -- : RT @kobax27: 1000円ちょっとで売ってたタートルズのピザボックスが楽しい。増改築して秘密基地にしたいけど、畳むと宅配ピザ箱に変形するギミックを潰すのは勿体無い。#ウィーゴ #メカトロウィーゴ http://t.co/7ipRwoHHac
I, [2015-03-30T21:51:01.086484 #24287]  INFO -- : image : 1
I, [2015-03-30T21:51:01.086577 #24287]  INFO -- : 2015-03-24 19:59:47 +0900
I, [2015-03-30T21:51:01.086599 #24287]  INFO -- : https://twitter.com/aqualien
I, [2015-03-30T21:51:01.086614 #24287]  INFO -- : ==============================================
I, [2015-03-30T21:51:01.086632 #24287]  INFO -- : [ check ++++ 除外 (収集範囲より過去のツイート - 処理を停止します) ]
I, [2015-03-30T21:51:01.086662 #24287]  INFO -- : 580314249097977856
I, [2015-03-30T21:51:01.086680 #24287]  INFO -- : azutan_harutan
I, [2015-03-30T21:51:01.086697 #24287]  INFO -- : 梓＜レジェンド探してます！！
I, [2015-03-30T21:51:01.086720 #24287]  INFO -- : RT @kobax27: 1000円ちょっとで売ってたタートルズのピザボックスが楽しい。増改築して秘密基地にしたいけど、畳むと宅配ピザ箱に変形するギミックを潰すのは勿体無い。#ウィーゴ #メカトロウィーゴ http://t.co/7ipRwoHHac
I, [2015-03-30T21:51:01.086737 #24287]  INFO -- : image : 1
I, [2015-03-30T21:51:01.086816 #24287]  INFO -- : 2015-03-24 19:24:33 +0900
I, [2015-03-30T21:51:01.086839 #24287]  INFO -- : https://twitter.com/azutan_harutan
I, [2015-03-30T21:51:01.086855 #24287]  INFO -- : ==============================================
I, [2015-03-30T21:51:01.086873 #24287]  INFO -- : [ check ++++ 除外 (収集範囲より過去のツイート - 処理を停止します) ]
I, [2015-03-30T21:51:01.086903 #24287]  INFO -- : 580312217926520833
I, [2015-03-30T21:51:01.086921 #24287]  INFO -- : mori_saki
I, [2015-03-30T21:51:01.086965 #24287]  INFO -- : 森砂季
I, [2015-03-30T21:51:01.086988 #24287]  INFO -- : RT @kobax27: 1000円ちょっとで売ってたタートルズのピザボックスが楽しい。増改築して秘密基地にしたいけど、畳むと宅配ピザ箱に変形するギミックを潰すのは勿体無い。#ウィーゴ #メカトロウィーゴ http://t.co/7ipRwoHHac
I, [2015-03-30T21:51:01.087010 #24287]  INFO -- : image : 1
I, [2015-03-30T21:51:01.087079 #24287]  INFO -- : 2015-03-24 19:16:29 +0900
I, [2015-03-30T21:51:01.087100 #24287]  INFO -- : https://twitter.com/mori_saki
I, [2015-03-30T21:51:01.087116 #24287]  INFO -- : ==============================================
I, [2015-03-30T21:51:01.087138 #24287]  INFO -- : [ check ++++ 除外 (収集範囲より過去のツイート - 処理を停止します) ]
I, [2015-03-30T21:51:01.087168 #24287]  INFO -- : 580309417649827843
I, [2015-03-30T21:51:01.087185 #24287]  INFO -- : playzoneman
I, [2015-03-30T21:51:01.087200 #24287]  INFO -- : ぷれぞんマン
I, [2015-03-30T21:51:01.087222 #24287]  INFO -- : RT @kobax27: 1000円ちょっとで売ってたタートルズのピザボックスが楽しい。増改築して秘密基地にしたいけど、畳むと宅配ピザ箱に変形するギミックを潰すのは勿体無い。#ウィーゴ #メカトロウィーゴ http://t.co/7ipRwoHHac
I, [2015-03-30T21:51:01.087247 #24287]  INFO -- : image : 1
I, [2015-03-30T21:51:01.087320 #24287]  INFO -- : 2015-03-24 19:05:21 +0900
I, [2015-03-30T21:51:01.087354 #24287]  INFO -- : https://twitter.com/playzoneman
I, [2015-03-30T21:51:01.087370 #24287]  INFO -- : ==============================================
I, [2015-03-30T21:51:01.087388 #24287]  INFO -- : [ check ++++ 除外 (収集範囲より過去のツイート - 処理を停止します) ]
I, [2015-03-30T21:51:01.087421 #24287]  INFO -- : 580306031533629441
I, [2015-03-30T21:51:01.087440 #24287]  INFO -- : kazuturbo
I, [2015-03-30T21:51:01.087455 #24287]  INFO -- : カズターボ
I, [2015-03-30T21:51:01.087476 #24287]  INFO -- : RT @kobax27: 1000円ちょっとで売ってたタートルズのピザボックスが楽しい。増改築して秘密基地にしたいけど、畳むと宅配ピザ箱に変形するギミックを潰すのは勿体無い。#ウィーゴ #メカトロウィーゴ http://t.co/7ipRwoHHac
I, [2015-03-30T21:51:01.087494 #24287]  INFO -- : image : 1
I, [2015-03-30T21:51:01.087563 #24287]  INFO -- : 2015-03-24 18:51:54 +0900
I, [2015-03-30T21:51:01.087584 #24287]  INFO -- : https://twitter.com/kazuturbo
I, [2015-03-30T21:51:01.087613 #24287]  INFO -- : ==============================================
I, [2015-03-30T21:51:01.087632 #24287]  INFO -- : [ check ++++ 除外 (収集範囲より過去のツイート - 処理を停止します) ]
I, [2015-03-30T21:51:01.087674 #24287]  INFO -- : 580303146611662848
I, [2015-03-30T21:51:01.087701 #24287]  INFO -- : metalguru360
I, [2015-03-30T21:51:01.087728 #24287]  INFO -- : グルー
I, [2015-03-30T21:51:01.087763 #24287]  INFO -- : RT @kobax27: 1000円ちょっとで売ってたタートルズのピザボックスが楽しい。増改築して秘密基地にしたいけど、畳むと宅配ピザ箱に変形するギミックを潰すのは勿体無い。#ウィーゴ #メカトロウィーゴ http://t.co/7ipRwoHHac
I, [2015-03-30T21:51:01.087783 #24287]  INFO -- : image : 1
I, [2015-03-30T21:51:01.087885 #24287]  INFO -- : 2015-03-24 18:40:26 +0900
I, [2015-03-30T21:51:01.087911 #24287]  INFO -- : https://twitter.com/metalguru360
I, [2015-03-30T21:51:01.087929 #24287]  INFO -- : ==============================================
I, [2015-03-30T21:51:01.087949 #24287]  INFO -- : [ check ++++ 除外 (収集範囲より過去のツイート - 処理を停止します) ]
I, [2015-03-30T21:51:01.087980 #24287]  INFO -- : 580302317083201536
I, [2015-03-30T21:51:01.087998 #24287]  INFO -- : kibikodama
I, [2015-03-30T21:51:01.088014 #24287]  INFO -- : いろは@迷走中
I, [2015-03-30T21:51:01.088046 #24287]  INFO -- : さっきのピザボックスと一緒にタートルズもポチればよかったな…
I, [2015-03-30T21:51:01.088064 #24287]  INFO -- : image : 0
I, [2015-03-30T21:51:01.088144 #24287]  INFO -- : 2015-03-24 18:37:08 +0900
I, [2015-03-30T21:51:01.088165 #24287]  INFO -- : https://twitter.com/kibikodama
I, [2015-03-30T21:51:01.088180 #24287]  INFO -- : ==============================================
I, [2015-03-30T21:51:01.088199 #24287]  INFO -- : [ check ++++ 除外 (収集範囲より過去のツイート - 処理を停止します) ]
I, [2015-03-30T21:51:01.088254 #24287]  INFO -- : 580301350400958464
I, [2015-03-30T21:51:01.088272 #24287]  INFO -- : mo_ruru31
I, [2015-03-30T21:51:01.088287 #24287]  INFO -- : おこめ (눈_눈≡눈_눈)
I, [2015-03-30T21:51:01.088309 #24287]  INFO -- : RT @kobax27: 1000円ちょっとで売ってたタートルズのピザボックスが楽しい。増改築して秘密基地にしたいけど、畳むと宅配ピザ箱に変形するギミックを潰すのは勿体無い。#ウィーゴ #メカトロウィーゴ http://t.co/7ipRwoHHac
I, [2015-03-30T21:51:01.088327 #24287]  INFO -- : image : 1
I, [2015-03-30T21:51:01.088396 #24287]  INFO -- : 2015-03-24 18:33:18 +0900
I, [2015-03-30T21:51:01.088417 #24287]  INFO -- : https://twitter.com/mo_ruru31
I, [2015-03-30T21:51:01.088460 #24287]  INFO -- : ==============================================
I, [2015-03-30T21:51:01.088495 #24287]  INFO -- : [ check ++++ 除外 (収集範囲より過去のツイート - 処理を停止します) ]
I, [2015-03-30T21:51:01.088537 #24287]  INFO -- : 580299375793954816
I, [2015-03-30T21:51:01.088564 #24287]  INFO -- : toriwara1025
I, [2015-03-30T21:51:01.088584 #24287]  INFO -- : とりえずまぁ笑いなはれ～
I, [2015-03-30T21:51:01.088606 #24287]  INFO -- : 昔、姉ちゃんが「いいよいいよ・・・」ってメッチャ寝言で遠慮してたから、なんの夢見てたのか聞いたら、「忍者タートルズにピザをプレゼントされて、申し訳なくて遠慮してた」って寝ぼけながら話してくれたのはポイント高かったですね。
I, [2015-03-30T21:51:01.088624 #24287]  INFO -- : image : 0
I, [2015-03-30T21:51:01.088715 #24287]  INFO -- : 2015-03-24 18:25:27 +0900
I, [2015-03-30T21:51:01.088736 #24287]  INFO -- : https://twitter.com/toriwara1025
I, [2015-03-30T21:51:01.088752 #24287]  INFO -- : ==============================================
I, [2015-03-30T21:51:01.088770 #24287]  INFO -- : [ check ++++ 除外 (収集範囲より過去のツイート - 処理を停止します) ]
I, [2015-03-30T21:51:01.088801 #24287]  INFO -- : 580295428073078784
I, [2015-03-30T21:51:01.088817 #24287]  INFO -- : guerrero825
I, [2015-03-30T21:51:01.088832 #24287]  INFO -- : ゲレロ
I, [2015-03-30T21:51:01.088862 #24287]  INFO -- : RT @kobax27: 1000円ちょっとで売ってたタートルズのピザボックスが楽しい。増改築して秘密基地にしたいけど、畳むと宅配ピザ箱に変形するギミックを潰すのは勿体無い。#ウィーゴ #メカトロウィーゴ http://t.co/7ipRwoHHac
I, [2015-03-30T21:51:01.088885 #24287]  INFO -- : image : 1
I, [2015-03-30T21:51:01.088954 #24287]  INFO -- : 2015-03-24 18:09:46 +0900
I, [2015-03-30T21:51:01.088975 #24287]  INFO -- : https://twitter.com/guerrero825
I, [2015-03-30T21:51:01.088991 #24287]  INFO -- : ==============================================
I, [2015-03-30T21:51:01.089012 #24287]  INFO -- : [ check ++++ 除外 (収集範囲より過去のツイート - 処理を停止します) ]
I, [2015-03-30T21:51:01.089043 #24287]  INFO -- : 580295065886584832
I, [2015-03-30T21:51:01.089061 #24287]  INFO -- : And_Ender
I, [2015-03-30T21:51:01.089100 #24287]  INFO -- : ゆぴなむ
I, [2015-03-30T21:51:01.089122 #24287]  INFO -- : RT @kobax27: 1000円ちょっとで売ってたタートルズのピザボックスが楽しい。増改築して秘密基地にしたいけど、畳むと宅配ピザ箱に変形するギミックを潰すのは勿体無い。#ウィーゴ #メカトロウィーゴ http://t.co/7ipRwoHHac
I, [2015-03-30T21:51:01.089140 #24287]  INFO -- : image : 1
I, [2015-03-30T21:51:01.089210 #24287]  INFO -- : 2015-03-24 18:08:19 +0900
I, [2015-03-30T21:51:01.089231 #24287]  INFO -- : https://twitter.com/And_Ender
I, [2015-03-30T21:51:01.089247 #24287]  INFO -- : ==============================================
I, [2015-03-30T21:51:01.089265 #24287]  INFO -- : [ check ++++ 除外 (収集範囲より過去のツイート - 処理を停止します) ]
I, [2015-03-30T21:51:01.089298 #24287]  INFO -- : 580294737891979264
I, [2015-03-30T21:51:01.089315 #24287]  INFO -- : SENTINELcoltd
I, [2015-03-30T21:51:01.089330 #24287]  INFO -- : ㈱千値練・センチネル
I, [2015-03-30T21:51:01.089351 #24287]  INFO -- : RT @kobax27: 1000円ちょっとで売ってたタートルズのピザボックスが楽しい。増改築して秘密基地にしたいけど、畳むと宅配ピザ箱に変形するギミックを潰すのは勿体無い。#ウィーゴ #メカトロウィーゴ http://t.co/7ipRwoHHac
I, [2015-03-30T21:51:01.089369 #24287]  INFO -- : image : 1
I, [2015-03-30T21:51:01.089437 #24287]  INFO -- : 2015-03-24 18:07:01 +0900
I, [2015-03-30T21:51:01.089459 #24287]  INFO -- : https://twitter.com/SENTINELcoltd
I, [2015-03-30T21:51:01.089497 #24287]  INFO -- : ==============================================
I, [2015-03-30T21:51:01.089524 #24287]  INFO -- : [ check ++++ 除外 (収集範囲より過去のツイート - 処理を停止します) ]
I, [2015-03-30T21:51:01.089557 #24287]  INFO -- : 580292386560999424
I, [2015-03-30T21:51:01.089575 #24287]  INFO -- : kazz517
I, [2015-03-30T21:51:01.089591 #24287]  INFO -- : KAZZ
I, [2015-03-30T21:51:01.089616 #24287]  INFO -- : RT @kobax27: 1000円ちょっとで売ってたタートルズのピザボックスが楽しい。増改築して秘密基地にしたいけど、畳むと宅配ピザ箱に変形するギミックを潰すのは勿体無い。#ウィーゴ #メカトロウィーゴ http://t.co/7ipRwoHHac
I, [2015-03-30T21:51:01.089634 #24287]  INFO -- : image : 1
I, [2015-03-30T21:51:01.089705 #24287]  INFO -- : 2015-03-24 17:57:40 +0900
I, [2015-03-30T21:51:01.089727 #24287]  INFO -- : https://twitter.com/kazz517
I, [2015-03-30T21:51:01.089743 #24287]  INFO -- : ==============================================
I, [2015-03-30T21:51:01.089761 #24287]  INFO -- : [ check ++++ 除外 (収集範囲より過去のツイート - 処理を停止します) ]
I, [2015-03-30T21:51:01.089818 #24287]  INFO -- : 580288922695008256
I, [2015-03-30T21:51:01.089836 #24287]  INFO -- : rechte070331
I, [2015-03-30T21:51:01.089851 #24287]  INFO -- : レヒトの出席番号は2番と5番
I, [2015-03-30T21:51:01.089872 #24287]  INFO -- : RT @kobax27: 1000円ちょっとで売ってたタートルズのピザボックスが楽しい。増改築して秘密基地にしたいけど、畳むと宅配ピザ箱に変形するギミックを潰すのは勿体無い。#ウィーゴ #メカトロウィーゴ http://t.co/7ipRwoHHac
I, [2015-03-30T21:51:01.089889 #24287]  INFO -- : image : 1
I, [2015-03-30T21:51:01.089960 #24287]  INFO -- : 2015-03-24 17:43:55 +0900
I, [2015-03-30T21:51:01.089981 #24287]  INFO -- : https://twitter.com/rechte070331
I, [2015-03-30T21:51:01.089996 #24287]  INFO -- : ==============================================
I, [2015-03-30T21:51:01.090050 #24287]  INFO -- : [ check ++++ 除外 (収集範囲より過去のツイート - 処理を停止します) ]
I, [2015-03-30T21:51:01.090083 #24287]  INFO -- : 580288452089905152
I, [2015-03-30T21:51:01.090100 #24287]  INFO -- : irie0530
I, [2015-03-30T21:51:01.090115 #24287]  INFO -- : 壱子
I, [2015-03-30T21:51:01.090136 #24287]  INFO -- : RT @kobax27: 1000円ちょっとで売ってたタートルズのピザボックスが楽しい。増改築して秘密基地にしたいけど、畳むと宅配ピザ箱に変形するギミックを潰すのは勿体無い。#ウィーゴ #メカトロウィーゴ http://t.co/7ipRwoHHac
I, [2015-03-30T21:51:01.090154 #24287]  INFO -- : image : 1
I, [2015-03-30T21:51:01.090224 #24287]  INFO -- : 2015-03-24 17:42:02 +0900
I, [2015-03-30T21:51:01.090246 #24287]  INFO -- : https://twitter.com/irie0530
I, [2015-03-30T21:51:01.090261 #24287]  INFO -- : ==============================================
I, [2015-03-30T21:51:01.090278 #24287]  INFO -- : [ check ++++ 除外 (収集範囲より過去のツイート - 処理を停止します) ]
I, [2015-03-30T21:51:01.090308 #24287]  INFO -- : 580288208526655488
I, [2015-03-30T21:51:01.090328 #24287]  INFO -- : kibikodama
I, [2015-03-30T21:51:01.090344 #24287]  INFO -- : いろは@迷走中
I, [2015-03-30T21:51:01.090365 #24287]  INFO -- : RT @kobax27: 1000円ちょっとで売ってたタートルズのピザボックスが楽しい。増改築して秘密基地にしたいけど、畳むと宅配ピザ箱に変形するギミックを潰すのは勿体無い。#ウィーゴ #メカトロウィーゴ http://t.co/7ipRwoHHac
I, [2015-03-30T21:51:01.090383 #24287]  INFO -- : image : 1
I, [2015-03-30T21:51:01.090483 #24287]  INFO -- : 2015-03-24 17:41:04 +0900
I, [2015-03-30T21:51:01.090504 #24287]  INFO -- : https://twitter.com/kibikodama
I, [2015-03-30T21:51:01.090520 #24287]  INFO -- : ==============================================
I, [2015-03-30T21:51:01.090538 #24287]  INFO -- : [ check ++++ 除外 (収集範囲より過去のツイート - 処理を停止します) ]
I, [2015-03-30T21:51:01.090576 #24287]  INFO -- : 580287888488714240
I, [2015-03-30T21:51:01.090595 #24287]  INFO -- : senti_terio
I, [2015-03-30T21:51:01.090610 #24287]  INFO -- : テリオ@千値練
I, [2015-03-30T21:51:01.090632 #24287]  INFO -- : RT @kobax27: 1000円ちょっとで売ってたタートルズのピザボックスが楽しい。増改築して秘密基地にしたいけど、畳むと宅配ピザ箱に変形するギミックを潰すのは勿体無い。#ウィーゴ #メカトロウィーゴ http://t.co/7ipRwoHHac
I, [2015-03-30T21:51:01.090654 #24287]  INFO -- : image : 1
I, [2015-03-30T21:51:01.090722 #24287]  INFO -- : 2015-03-24 17:39:48 +0900
I, [2015-03-30T21:51:01.090744 #24287]  INFO -- : https://twitter.com/senti_terio
I, [2015-03-30T21:51:01.090763 #24287]  INFO -- : ==============================================
I, [2015-03-30T21:51:01.090789 #24287]  INFO -- : [ check ++++ 除外 (収集範囲より過去のツイート - 処理を停止します) ]
I, [2015-03-30T21:51:01.090822 #24287]  INFO -- : 580287163771695106
I, [2015-03-30T21:51:01.090839 #24287]  INFO -- : KimagureKeKo
I, [2015-03-30T21:51:01.090881 #24287]  INFO -- : アル☆乗れない操虫棍使い
I, [2015-03-30T21:51:01.090904 #24287]  INFO -- : RT @kobax27: 1000円ちょっとで売ってたタートルズのピザボックスが楽しい。増改築して秘密基地にしたいけど、畳むと宅配ピザ箱に変形するギミックを潰すのは勿体無い。#ウィーゴ #メカトロウィーゴ http://t.co/7ipRwoHHac
I, [2015-03-30T21:51:01.090922 #24287]  INFO -- : image : 1
I, [2015-03-30T21:51:01.090994 #24287]  INFO -- : 2015-03-24 17:36:55 +0900
I, [2015-03-30T21:51:01.091014 #24287]  INFO -- : https://twitter.com/KimagureKeKo
I, [2015-03-30T21:51:01.091030 #24287]  INFO -- : ==============================================
I, [2015-03-30T21:51:01.091048 #24287]  INFO -- : [ check ++++ 除外 (収集範囲より過去のツイート - 処理を停止します) ]
I, [2015-03-30T21:51:01.091081 #24287]  INFO -- : 580286960322764800
I, [2015-03-30T21:51:01.091099 #24287]  INFO -- : agohige44
I, [2015-03-30T21:51:01.091114 #24287]  INFO -- : たか
I, [2015-03-30T21:51:01.091135 #24287]  INFO -- : RT @kobax27: 1000円ちょっとで売ってたタートルズのピザボックスが楽しい。増改築して秘密基地にしたいけど、畳むと宅配ピザ箱に変形するギミックを潰すのは勿体無い。#ウィーゴ #メカトロウィーゴ http://t.co/7ipRwoHHac
I, [2015-03-30T21:51:01.091152 #24287]  INFO -- : image : 1
I, [2015-03-30T21:51:01.091222 #24287]  INFO -- : 2015-03-24 17:36:07 +0900
I, [2015-03-30T21:51:01.091269 #24287]  INFO -- : https://twitter.com/agohige44
I, [2015-03-30T21:51:01.091288 #24287]  INFO -- : ==============================================
I, [2015-03-30T21:51:01.091307 #24287]  INFO -- : [ check ++++ 除外 (収集範囲より過去のツイート - 処理を停止します) ]
I, [2015-03-30T21:51:01.091338 #24287]  INFO -- : 580286849538633728
I, [2015-03-30T21:51:01.091355 #24287]  INFO -- : TAKUKURO
I, [2015-03-30T21:51:01.091374 #24287]  INFO -- : クロ
I, [2015-03-30T21:51:01.091396 #24287]  INFO -- : RT @kobax27: 1000円ちょっとで売ってたタートルズのピザボックスが楽しい。増改築して秘密基地にしたいけど、畳むと宅配ピザ箱に変形するギミックを潰すのは勿体無い。#ウィーゴ #メカトロウィーゴ http://t.co/7ipRwoHHac
I, [2015-03-30T21:51:01.091414 #24287]  INFO -- : image : 1
I, [2015-03-30T21:51:01.091485 #24287]  INFO -- : 2015-03-24 17:35:40 +0900
I, [2015-03-30T21:51:01.091506 #24287]  INFO -- : https://twitter.com/TAKUKURO
I, [2015-03-30T21:51:01.091521 #24287]  INFO -- : ==============================================
I, [2015-03-30T21:51:01.091539 #24287]  INFO -- : [ check ++++ 除外 (収集範囲より過去のツイート - 処理を停止します) ]
I, [2015-03-30T21:51:01.091568 #24287]  INFO -- : 580286577017954304
I, [2015-03-30T21:51:01.091594 #24287]  INFO -- : kobax27
I, [2015-03-30T21:51:01.091611 #24287]  INFO -- : モデリズム 小林和史
I, [2015-03-30T21:51:01.091657 #24287]  INFO -- : 1000円ちょっとで売ってたタートルズのピザボックスが楽しい。増改築して秘密基地にしたいけど、畳むと宅配ピザ箱に変形するギミックを潰すのは勿体無い。#ウィーゴ #メカトロウィーゴ http://t.co/7ipRwoHHac
I, [2015-03-30T21:51:01.091679 #24287]  INFO -- : image : 1
I, [2015-03-30T21:51:01.091748 #24287]  INFO -- : 2015-03-24 17:34:35 +0900
I, [2015-03-30T21:51:01.091769 #24287]  INFO -- : https://twitter.com/kobax27
I, [2015-03-30T21:51:01.091784 #24287]  INFO -- : ==============================================
I, [2015-03-30T21:51:01.091806 #24287]  INFO -- : [ check ++++ 除外 (収集範囲より過去のツイート - 処理を停止します) ]
I, [2015-03-30T21:51:01.091837 #24287]  INFO -- : 580246282028990465
I, [2015-03-30T21:51:01.091854 #24287]  INFO -- : OoOoMJMoOoO
I, [2015-03-30T21:51:01.091869 #24287]  INFO -- : MJM
I, [2015-03-30T21:51:01.091890 #24287]  INFO -- : ピザを食べきた🍕🍕🍕おいしすぎる🍕🍕🍕タートルズの気分だぜ🐼🐼 http://t.co/5uRtecjBZd
I, [2015-03-30T21:51:01.091907 #24287]  INFO -- : image : 1
I, [2015-03-30T21:51:01.091976 #24287]  INFO -- : 2015-03-24 14:54:28 +0900
I, [2015-03-30T21:51:01.091997 #24287]  INFO -- : https://twitter.com/OoOoMJMoOoO
I, [2015-03-30T21:51:01.092041 #24287]  INFO -- : ==============================================
I, [2015-03-30T21:51:01.092060 #24287]  INFO -- : [ check ++++ 除外 (収集範囲より過去のツイート - 処理を停止します) ]
I, [2015-03-30T21:51:01.092089 #24287]  INFO -- : 580135076303867904
I, [2015-03-30T21:51:01.092110 #24287]  INFO -- : obudylan
I, [2015-03-30T21:51:01.092126 #24287]  INFO -- : ヤマモトハルカ
I, [2015-03-30T21:51:01.092148 #24287]  INFO -- : タートルズをオマージュしたバンドやりたい。
ピザ作ったりバンドやりたい#yamamotoharuka  #illust #イラスト #illustagram https://t.co/Un5SILv2Nw
I, [2015-03-30T21:51:01.092165 #24287]  INFO -- : image : 0
I, [2015-03-30T21:51:01.092235 #24287]  INFO -- : 2015-03-24 07:32:35 +0900
I, [2015-03-30T21:51:01.092256 #24287]  INFO -- : https://twitter.com/obudylan
I, [2015-03-30T21:51:01.092271 #24287]  INFO -- : ==============================================
I, [2015-03-30T21:51:01.092289 #24287]  INFO -- : [ check ++++ 除外 (収集範囲より過去のツイート - 処理を停止します) ]
I, [2015-03-30T21:51:01.092317 #24287]  INFO -- : 580057603255881729
I, [2015-03-30T21:51:01.092335 #24287]  INFO -- : DemkovaV
I, [2015-03-30T21:51:01.092350 #24287]  INFO -- : 【AAA】日高光啓【SKY-HI】
I, [2015-03-30T21:51:01.092371 #24287]  INFO -- : 今度タートルズ見ながらピザを食べよう“ラファエロでしょうよ！RT ミケランジェロは明るくて可愛い系だよね確か。”
I, [2015-03-30T21:51:01.092392 #24287]  INFO -- : image : 0
I, [2015-03-30T21:51:01.092482 #24287]  INFO -- : 2015-03-24 02:24:44 +0900
I, [2015-03-30T21:51:01.092503 #24287]  INFO -- : https://twitter.com/DemkovaV
I, [2015-03-30T21:51:01.092518 #24287]  INFO -- : ==============================================
I, [2015-03-30T21:51:01.092540 #24287]  INFO -- : [ check ++++ 除外 (収集範囲より過去のツイート - 処理を停止します) ]
I, [2015-03-30T21:51:01.092569 #24287]  INFO -- : 580051401830612992
I, [2015-03-30T21:51:01.092587 #24287]  INFO -- : cvx1mxus2
I, [2015-03-30T21:51:01.092601 #24287]  INFO -- : 電波教師！最高とアニメ人生
I, [2015-03-30T21:51:01.092623 #24287]  INFO -- : 昔、姉ちゃんが「いいよいいよ・・・」ってメッチャ寝言で遠慮してたから、なんの夢見てたのか聞いたら、「忍者タートルズにピザをプレゼントされて、申し訳なくて遠慮してた」って寝ぼけながら話してくれたのはポイント高かったですね。
I, [2015-03-30T21:51:01.092648 #24287]  INFO -- : image : 0
I, [2015-03-30T21:51:01.092721 #24287]  INFO -- : 2015-03-24 02:00:05 +0900
I, [2015-03-30T21:51:01.092742 #24287]  INFO -- : https://twitter.com/cvx1mxus2
I, [2015-03-30T21:51:01.092758 #24287]  INFO -- : ==============================================
I, [2015-03-30T21:51:01.092776 #24287]  INFO -- : [ check ++++ 除外 (収集範囲より過去のツイート - 処理を停止します) ]
I, [2015-03-30T21:51:01.092841 #24287]  INFO -- : 580010845469425664
I, [2015-03-30T21:51:01.092861 #24287]  INFO -- : omoroi_hanashi
I, [2015-03-30T21:51:01.092877 #24287]  INFO -- : ウケる～話で毎日笑って過ごそう
I, [2015-03-30T21:51:01.092907 #24287]  INFO -- : 昔、姉ちゃんが「いいよいいよ・・・」ってメッチャ寝言で遠慮してたから、なんの夢見てたのか聞いたら、「忍者タートルズにピザをプレゼントされて、申し訳なくて遠慮してた」って寝ぼけながら話してくれたのはポイント高かったですね。
I, [2015-03-30T21:51:01.092928 #24287]  INFO -- : image : 0
I, [2015-03-30T21:51:01.093001 #24287]  INFO -- : 2015-03-23 23:18:56 +0900
I, [2015-03-30T21:51:01.093022 #24287]  INFO -- : https://twitter.com/omoroi_hanashi
I, [2015-03-30T21:51:01.093038 #24287]  INFO -- : ==============================================
I, [2015-03-30T21:51:01.093056 #24287]  INFO -- : [ check ++++ 除外 (収集範囲より過去のツイート - 処理を停止します) ]
I, [2015-03-30T21:51:01.093085 #24287]  INFO -- : 579968864458428416
I, [2015-03-30T21:51:01.093102 #24287]  INFO -- : eligor15
I, [2015-03-30T21:51:01.093117 #24287]  INFO -- : ミンティ
I, [2015-03-30T21:51:01.093142 #24287]  INFO -- : ピザの画像にカワバンガって言うるーりぃのセンスが好き　タートルズ懐かしい
I, [2015-03-30T21:51:01.093160 #24287]  INFO -- : image : 0
I, [2015-03-30T21:51:01.093226 #24287]  INFO -- : 2015-03-23 20:32:07 +0900
I, [2015-03-30T21:51:01.093287 #24287]  INFO -- : https://twitter.com/eligor15
I, [2015-03-30T21:51:01.093303 #24287]  INFO -- : ==============================================
I, [2015-03-30T21:51:01.093322 #24287]  INFO -- : [ check ++++ 除外 (収集範囲より過去のツイート - 処理を停止します) ]
I, [2015-03-30T21:51:01.093352 #24287]  INFO -- : 579958989334560770
I, [2015-03-30T21:51:01.093369 #24287]  INFO -- : toriwara1025
I, [2015-03-30T21:51:01.093384 #24287]  INFO -- : とりえずまぁ笑いなはれ～
I, [2015-03-30T21:51:01.093405 #24287]  INFO -- : 昔、姉ちゃんが「いいよいいよ・・・」ってメッチャ寝言で遠慮してたから、なんの夢見てたのか聞いたら、「忍者タートルズにピザをプレゼントされて、申し訳なくて遠慮してた」って寝ぼけながら話してくれたのはポイント高かったですね。
I, [2015-03-30T21:51:01.093427 #24287]  INFO -- : image : 0
I, [2015-03-30T21:51:01.093497 #24287]  INFO -- : 2015-03-23 19:52:52 +0900
I, [2015-03-30T21:51:01.093518 #24287]  INFO -- : https://twitter.com/toriwara1025
I, [2015-03-30T21:51:01.093534 #24287]  INFO -- : ==============================================
I, [2015-03-30T21:51:01.093553 #24287]  INFO -- : [ check ++++ 除外 (収集範囲より過去のツイート - 処理を停止します) ]
I, [2015-03-30T21:51:01.093582 #24287]  INFO -- : 579847656605769728
I, [2015-03-30T21:51:01.093599 #24287]  INFO -- : haru13ias
I, [2015-03-30T21:51:01.093615 #24287]  INFO -- : haru.BIAS
I, [2015-03-30T21:51:01.093636 #24287]  INFO -- : タートルズ見てるとめっちゃピザ食べたくなる。
I, [2015-03-30T21:51:01.093678 #24287]  INFO -- : image : 0
I, [2015-03-30T21:51:01.093746 #24287]  INFO -- : 2015-03-23 12:30:29 +0900
I, [2015-03-30T21:51:01.093768 #24287]  INFO -- : https://twitter.com/haru13ias
I, [2015-03-30T21:51:01.093783 #24287]  INFO -- : ==============================================
I, [2015-03-30T21:51:01.093802 #24287]  INFO -- : [ check ++++ 除外 (収集範囲より過去のツイート - 処理を停止します) ]
I, [2015-03-30T21:51:01.093830 #24287]  INFO -- : 
I, [2015-03-30T21:51:01.093848 #24287]  INFO -- : :::::::::::::: 検索結果 ::::::::::::::
I, [2015-03-30T21:51:01.093865 #24287]  INFO -- : 該当ツイート          : 2
I, [2015-03-30T21:51:01.093881 #24287]  INFO -- : 範囲外ツイート（未来） : 2
I, [2015-03-30T21:51:01.093896 #24287]  INFO -- : 範囲外ツイート（過去） ： 81
I, [2015-03-30T21:51:01.093911 #24287]  INFO -- : :::::::::::::::::::::::::::::::::::::
I, [2015-03-30T21:51:01.093925 #24287]  INFO -- : 
I, [2015-03-30T21:51:01.093940 #24287]  INFO -- : ++++++++++++++ CSVファイル調整 : 開始 ++++++++++++++
I, [2015-03-30T21:51:01.093955 #24287]  INFO -- : 追加予定のリスト数 : 2
I, [2015-03-30T21:51:01.093971 #24287]  INFO -- : CSV書込開始 : /Users/0FRZ14015/Dropbox/_sample/ruby/pictlink_twitter_crawler/res/data/tweet_turtles_20150330_20150412.csv
I, [2015-03-30T21:51:01.093987 #24287]  INFO -- : 行数        : 2
I, [2015-03-30T21:51:01.094452 #24287]  INFO -- : CSV書込完了
I, [2015-03-30T21:51:01.097315 #24287]  INFO -- : 改行コード変換完了 (LF) : /Users/0FRZ14015/Dropbox/_sample/ruby/pictlink_twitter_crawler/res/data/tweet_turtles_20150330_20150412.csv
I, [2015-03-30T21:51:01.097379 #24287]  INFO -- : バックアップファイルを削除してよいかチェック。。
I, [2015-03-30T21:51:01.097481 #24287]  INFO -- : バックアップファイル（空）を削除 : /Users/0FRZ14015/Dropbox/_sample/ruby/pictlink_twitter_crawler/res/data/bk_tweet_turtles_20150330_20150412.csv
I, [2015-03-30T21:51:01.100531 #24287]  INFO -- : 改行コード変換完了 (CRLF) : /Users/0FRZ14015/Dropbox/_sample/ruby/pictlink_twitter_crawler/res/data/tweet_turtles_20150330_20150412.csv
I, [2015-03-30T21:51:01.100615 #24287]  INFO -- : ++++++++++++++ CSVファイル調整 : 完了 ++++++++++++++
I, [2015-03-30T21:51:01.100650 #24287]  INFO -- : 
I, [2015-03-30T21:51:01.100726 #24287]  INFO -- : ||||||||||||||||||| func (get_extracted_tweet_all) end |||||||||||||||||||
I, [2015-03-30T21:53:00.002568 #24287]  INFO -- : 
I, [2015-03-30T21:53:00.002614 #24287]  INFO -- : 
I, [2015-03-30T21:53:00.002667 #24287]  INFO -- : 
I, [2015-03-30T21:53:00.002690 #24287]  INFO -- : 
I, [2015-03-30T21:53:00.002711 #24287]  INFO -- : 
I, [2015-03-30T21:53:00.002737 #24287]  INFO -- : ||||||||||||||||||| func (get_extracted_tweet_all) start |||||||||||||||||||
I, [2015-03-30T21:53:00.002760 #24287]  INFO -- : 
I, [2015-03-30T21:53:00.002785 #24287]  INFO -- :  - - - - - - - - - - - - - - - - - - - - - - - - 
I, [2015-03-30T21:53:00.002816 #24287]  INFO -- : イベント発火時刻 : 2015-03-30 21:53:00 +0900
I, [2015-03-30T21:53:00.002947 #24287]  INFO -- : ツイート収集範囲 : 2015-03-30 00:00:00 +0900 ~ 2015-03-30 12:00:00 +0900
I, [2015-03-30T21:53:00.002990 #24287]  INFO -- : checkShouldAddCSVfile start
I, [2015-03-30T21:53:00.003014 #24287]  INFO -- : 
I, [2015-03-30T21:53:00.003141 #24287]  INFO -- :  + + + + + + + + + + + + + + + + + + 
I, [2015-03-30T21:53:00.003175 #24287]  INFO -- : 新しいファイルを作成します...
I, [2015-03-30T21:53:00.003197 #24287]  INFO -- : 
I, [2015-03-30T21:53:00.003224 #24287]  INFO -- : 今日の曜日 : 1
I, [2015-03-30T21:53:00.003277 #24287]  INFO -- : day_diff : 0
I, [2015-03-30T21:53:00.003354 #24287]  INFO -- : 収集範囲(スタート) : 20150330
I, [2015-03-30T21:53:00.003406 #24287]  INFO -- : 収集範囲(エンド)   : 20150412
I, [2015-03-30T21:53:00.003431 #24287]  INFO -- : 
I, [2015-03-30T21:53:00.003461 #24287]  INFO -- : 作成 : /Users/0FRZ14015/Dropbox/_sample/ruby/pictlink_twitter_crawler/res/data/tweet_dora_20150330_20150412.csv
I, [2015-03-30T21:53:00.003486 #24287]  INFO -- :  + + + + + + + + + + + + + + + + + +
I, [2015-03-30T21:53:00.003507 #24287]  INFO -- : 
I, [2015-03-30T21:53:00.003724 #24287]  INFO -- : バックアップファイル作成 （空） : /Users/0FRZ14015/Dropbox/_sample/ruby/pictlink_twitter_crawler/res/data/bk_tweet_dora_20150330_20150412.csv
I, [2015-03-30T21:53:00.003774 #24287]  INFO -- : 
I, [2015-03-30T21:53:00.003804 #24287]  INFO -- : tag              : dora
I, [2015-03-30T21:53:00.003829 #24287]  INFO -- : name             : /Users/0FRZ14015/Dropbox/_sample/ruby/pictlink_twitter_crawler/res/data/tweet_dora_20150330_20150412.csv
I, [2015-03-30T21:53:00.003855 #24287]  INFO -- : search_word      : ドラえもん 数学 事務所
I, [2015-03-30T21:53:00.003890 #24287]  INFO -- : - - - - - - - - - - - - - - - - - - - - - - - - 
I, [2015-03-30T21:53:00.003957 #24287]  INFO -- : 検索開始
I, [2015-03-30T21:53:00.517871 #24287]  INFO -- : (sleep ...)
I, [2015-03-30T21:53:10.518627 #24287]  INFO -- : 検索開始
I, [2015-03-30T21:53:11.008844 #24287]  INFO -- : (sleep ...)
I, [2015-03-30T21:53:21.009683 #24287]  INFO -- : 検索開始
I, [2015-03-30T21:53:21.586044 #24287]  INFO -- : (sleep ...)
I, [2015-03-30T21:53:31.586866 #24287]  INFO -- : 
I, [2015-03-30T21:53:31.587004 #24287]  INFO -- : 
I, [2015-03-30T21:53:31.587045 #24287]  INFO -- : 
I, [2015-03-30T21:53:31.587078 #24287]  INFO -- : 
I, [2015-03-30T21:53:31.587110 #24287]  INFO -- : 
I, [2015-03-30T21:53:31.587147 #24287]  INFO -- : _____CHECK_ME_____ >>> ツイートがありません。
I, [2015-03-30T21:53:31.587187 #24287]  INFO -- : _____CHECK_ME_____ >>> 検索ワード : ドラえもん 数学 事務所
I, [2015-03-30T21:53:31.587226 #24287]  INFO -- : _____CHECK_ME_____ >>> 処理を停止します。
I, [2015-03-30T21:53:31.587259 #24287]  INFO -- : 
I, [2015-03-30T21:53:31.587291 #24287]  INFO -- : 
I, [2015-03-30T21:53:31.587361 #24287]  INFO -- : 
I, [2015-03-30T21:53:31.587387 #24287]  INFO -- : 
I, [2015-03-30T21:53:31.587412 #24287]  INFO -- : 
I, [2015-03-30T21:53:31.587440 #24287]  INFO -- : 
I, [2015-03-30T21:53:31.587469 #24287]  INFO -- : :::::::::::::: 検索結果 ::::::::::::::
I, [2015-03-30T21:53:31.587501 #24287]  INFO -- : 該当ツイート          : 0
I, [2015-03-30T21:53:31.587532 #24287]  INFO -- : 範囲外ツイート（未来） : 0
I, [2015-03-30T21:53:31.587563 #24287]  INFO -- : 範囲外ツイート（過去） ： 0
I, [2015-03-30T21:53:31.587592 #24287]  INFO -- : :::::::::::::::::::::::::::::::::::::
I, [2015-03-30T21:53:31.587625 #24287]  INFO -- : バックアップファイルを削除してよいかチェック。。
I, [2015-03-30T21:53:31.587779 #24287]  INFO -- : バックアップファイル（空）を削除 : /Users/0FRZ14015/Dropbox/_sample/ruby/pictlink_twitter_crawler/res/data/bk_tweet_dora_20150330_20150412.csv
I, [2015-03-30T21:53:31.587817 #24287]  INFO -- : 
I, [2015-03-30T21:53:31.587848 #24287]  INFO -- : ||||||||||||||||||| func (get_extracted_tweet_all) end |||||||||||||||||||
