# Logfile created on 2015-03-31 09:58:00 +0900 by logger.rb/44203
I, [2015-03-31T09:58:00.005331 #5756]  INFO -- : 
I, [2015-03-31T09:58:00.005386 #5756]  INFO -- : 
I, [2015-03-31T09:58:00.005414 #5756]  INFO -- : 
I, [2015-03-31T09:58:00.005439 #5756]  INFO -- : 
I, [2015-03-31T09:58:00.005462 #5756]  INFO -- : 
I, [2015-03-31T09:58:00.005490 #5756]  INFO -- : ||||||||||||||||||| func (get_extracted_tweet_all) start |||||||||||||||||||
I, [2015-03-31T09:58:00.005515 #5756]  INFO -- : 
I, [2015-03-31T09:58:00.005549 #5756]  INFO -- :  - - - - - - - - - - - - - - - - - - - - - - - - 
I, [2015-03-31T09:58:00.005583 #5756]  INFO -- : イベント発火時刻 : 2015-03-31 09:58:00 +0900
I, [2015-03-31T09:58:00.007095 #5756]  INFO -- : ツイート収集範囲 : 2015-03-30 12:00:00 +0900 ~ 2015-03-31 00:00:00 +0900
I, [2015-03-31T09:58:00.007188 #5756]  INFO -- : checkShouldAddCSVfile start
I, [2015-03-31T09:58:00.007222 #5756]  INFO -- : 
I, [2015-03-31T09:58:00.007368 #5756]  INFO -- :  + + + + + + + + + + + + + + + + + + 
I, [2015-03-31T09:58:00.007405 #5756]  INFO -- : 新しいファイルを作成します...
I, [2015-03-31T09:58:00.007431 #5756]  INFO -- : 
I, [2015-03-31T09:58:00.008273 #5756]  INFO -- : 今日の曜日 : 2
I, [2015-03-31T09:58:00.008358 #5756]  INFO -- : day_diff : 1
I, [2015-03-31T09:58:00.008493 #5756]  INFO -- : 収集範囲(スタート) : 20150330
I, [2015-03-31T09:58:00.008587 #5756]  INFO -- : 収集範囲(エンド)   : 20150412
I, [2015-03-31T09:58:00.008618 #5756]  INFO -- : 
I, [2015-03-31T09:58:00.008651 #5756]  INFO -- : 作成 : /Users/0FRZ14015/Dropbox/_sample/ruby/pictlink_twitter_crawler/res/data/tweet_dora_20150330_20150412.csv
I, [2015-03-31T09:58:00.008680 #5756]  INFO -- :  + + + + + + + + + + + + + + + + + +
I, [2015-03-31T09:58:00.008703 #5756]  INFO -- : 
I, [2015-03-31T09:58:00.008907 #5756]  INFO -- : バックアップファイル作成 （空） : /Users/0FRZ14015/Dropbox/_sample/ruby/pictlink_twitter_crawler/res/data/bk_tweet_dora_20150330_20150412.csv
I, [2015-03-31T09:58:00.008965 #5756]  INFO -- : 
I, [2015-03-31T09:58:00.008995 #5756]  INFO -- : tag              : dora
I, [2015-03-31T09:58:00.009023 #5756]  INFO -- : name             : /Users/0FRZ14015/Dropbox/_sample/ruby/pictlink_twitter_crawler/res/data/tweet_dora_20150330_20150412.csv
I, [2015-03-31T09:58:00.009049 #5756]  INFO -- : search_word      : #ドラえもん 数学 事務所
I, [2015-03-31T09:58:00.009076 #5756]  INFO -- : - - - - - - - - - - - - - - - - - - - - - - - - 
I, [2015-03-31T09:58:00.009165 #5756]  INFO -- : 検索開始
I, [2015-03-31T09:58:00.619072 #5756]  INFO -- : (sleep ...)
I, [2015-03-31T09:58:10.619953 #5756]  INFO -- : 検索開始
I, [2015-03-31T09:58:11.147114 #5756]  INFO -- : (sleep ...)
I, [2015-03-31T09:58:21.147341 #5756]  INFO -- : 検索開始
I, [2015-03-31T09:58:21.641796 #5756]  INFO -- : (sleep ...)
I, [2015-03-31T09:58:31.642645 #5756]  INFO -- : 
I, [2015-03-31T09:58:31.642848 #5756]  INFO -- : 
I, [2015-03-31T09:58:31.642894 #5756]  INFO -- : 
I, [2015-03-31T09:58:31.642933 #5756]  INFO -- : 
I, [2015-03-31T09:58:31.642964 #5756]  INFO -- : 
I, [2015-03-31T09:58:31.642998 #5756]  INFO -- : _____CHECK_ME_____ >>> ツイートがありません。
I, [2015-03-31T09:58:31.643034 #5756]  INFO -- : _____CHECK_ME_____ >>> 検索ワード : #ドラえもん 数学 事務所
I, [2015-03-31T09:58:31.643068 #5756]  INFO -- : _____CHECK_ME_____ >>> 処理を停止します。
I, [2015-03-31T09:58:31.643097 #5756]  INFO -- : 
I, [2015-03-31T09:58:31.643124 #5756]  INFO -- : 
I, [2015-03-31T09:58:31.643151 #5756]  INFO -- : 
I, [2015-03-31T09:58:31.643177 #5756]  INFO -- : 
I, [2015-03-31T09:58:31.643203 #5756]  INFO -- : 
I, [2015-03-31T09:58:31.643232 #5756]  INFO -- : 
I, [2015-03-31T09:58:31.643280 #5756]  INFO -- : :::::::::::::: 検索結果 ::::::::::::::
I, [2015-03-31T09:58:31.643313 #5756]  INFO -- : 該当ツイート          : 0
I, [2015-03-31T09:58:31.643346 #5756]  INFO -- : 範囲外ツイート（未来） : 0
I, [2015-03-31T09:58:31.643378 #5756]  INFO -- : 範囲外ツイート（過去） ： 0
I, [2015-03-31T09:58:31.643437 #5756]  INFO -- : :::::::::::::::::::::::::::::::::::::
I, [2015-03-31T09:58:31.643477 #5756]  INFO -- : バックアップファイルを削除してよいかチェック。。
I, [2015-03-31T09:58:31.643711 #5756]  INFO -- : バックアップファイル（空）を削除 : /Users/0FRZ14015/Dropbox/_sample/ruby/pictlink_twitter_crawler/res/data/bk_tweet_dora_20150330_20150412.csv
I, [2015-03-31T09:58:31.643751 #5756]  INFO -- : 
I, [2015-03-31T09:58:31.643784 #5756]  INFO -- : ||||||||||||||||||| func (get_extracted_tweet_all) end |||||||||||||||||||
